Log file open, 07/04/22 11:04:21
LogWindows: Failed to load 'aqProf.dll' (GetLastError=126)
LogWindows: File 'aqProf.dll' does not exist
LogWindows: Failed to load 'VtuneApi.dll' (GetLastError=126)
LogWindows: File 'VtuneApi.dll' does not exist
LogWindows: Failed to load 'VtuneApi32e.dll' (GetLastError=126)
LogWindows: File 'VtuneApi32e.dll' does not exist
LogConsoleResponse: Display: Failed to find resolution value strings in scalability ini. Falling back to default.
LogConsoleResponse: Display: Failed to find resolution value strings in scalability ini. Falling back to default.
LogInit: Display: Running engine for game: GameJam
LogPlatformFile: Not using cached read wrapper
LogTaskGraph: Started task graph with 5 named threads and 26 total threads with 3 sets of task threads.
LogStats: Stats thread started at 0.836496
LogICUInternationalization: ICU TimeZone Detection - Raw Offset: +0:00, Platform Override: ''
LogInit: Display: Loading text-based GConfig....
LogPluginManager: Mounting plugin MeshPainting
LogPluginManager: Mounting plugin XGEController
LogPluginManager: Mounting plugin Paper2D
LogPluginManager: Mounting plugin AISupport
LogPluginManager: Mounting plugin EnvironmentQueryEditor
LogPluginManager: Mounting plugin LiveLink
LogPluginManager: Mounting plugin LightPropagationVolume
LogPluginManager: Mounting plugin CameraShakePreviewer
LogPluginManager: Mounting plugin GameplayCameras
LogPluginManager: Mounting plugin AnimationSharing
LogPluginManager: Mounting plugin CLionSourceCodeAccess
LogPluginManager: Mounting plugin CodeLiteSourceCodeAccess
LogPluginManager: Mounting plugin GitSourceControl
LogPluginManager: Mounting plugin NullSourceCodeAccess
LogPluginManager: Mounting plugin KDevelopSourceCodeAccess
LogPluginManager: Mounting plugin OodleData
LogPluginManager: Mounting plugin PlasticSourceControl
LogPluginManager: Mounting plugin PerforceSourceControl
LogPluginManager: Mounting plugin PluginUtils
LogPluginManager: Mounting plugin PropertyAccessNode
LogPluginManager: Mounting plugin OodleNetwork
LogPluginManager: Mounting plugin SubversionSourceControl
LogPluginManager: Mounting plugin RiderSourceCodeAccess
LogPluginManager: Mounting plugin PixWinPlugin
LogPluginManager: Mounting plugin TextureFormatOodle
LogPluginManager: Mounting plugin UObjectPlugin
LogPluginManager: Mounting plugin VisualStudioCodeSourceCodeAccess
LogPluginManager: Mounting plugin XCodeSourceCodeAccess
LogPluginManager: Mounting plugin VisualStudioSourceCodeAccess
LogPluginManager: Mounting plugin AssetManagerEditor
LogPluginManager: Mounting plugin CryptoKeys
LogPluginManager: Mounting plugin CurveEditorTools
LogPluginManager: Mounting plugin DataValidation
LogPluginManager: Mounting plugin DatasmithContent
LogPluginManager: Mounting plugin FacialAnimation
LogPluginManager: Mounting plugin GeometryMode
LogPluginManager: Mounting plugin GameplayTagsEditor
LogPluginManager: Mounting plugin MacGraphicsSwitching
LogPluginManager: Mounting plugin MaterialAnalyzer
LogPluginManager: Mounting plugin MobileLauncherProfileWizard
LogPluginManager: Mounting plugin PluginBrowser
LogPluginManager: Mounting plugin SpeedTreeImporter
LogPluginManager: Mounting plugin VariantManagerContent
LogPluginManager: Mounting plugin Niagara
LogPluginManager: Mounting plugin AlembicImporter
LogPluginManager: Mounting plugin AutomationUtils
LogPluginManager: Mounting plugin BackChannel
LogPluginManager: Mounting plugin ChaosCloth
LogPluginManager: Mounting plugin ChaosClothEditor
LogPluginManager: Mounting plugin ChaosEditor
LogPluginManager: Mounting plugin ChaosNiagara
LogPluginManager: Mounting plugin ChaosSolverPlugin
LogPluginManager: Mounting plugin GeometryCache
LogPluginManager: Mounting plugin GeometryCollectionPlugin
LogPluginManager: Mounting plugin LuminPlatformFeatures
LogPluginManager: Mounting plugin MagicLeap
LogPluginManager: Mounting plugin MagicLeapLightEstimation
LogPluginManager: Mounting plugin MagicLeapMedia
LogPluginManager: Mounting plugin MagicLeapPassableWorld
LogPluginManager: Mounting plugin MLSDK
LogPluginManager: Mounting plugin AndroidMedia
LogPluginManager: Mounting plugin AvfMedia
LogPluginManager: Mounting plugin ImgMedia
LogPluginManager: Mounting plugin MediaCompositing
LogPluginManager: Mounting plugin MediaPlayerEditor
LogPluginManager: Mounting plugin WebMMedia
LogPluginManager: Mounting plugin WmfMedia
LogPluginManager: Mounting plugin TcpMessaging
LogPluginManager: Mounting plugin UdpMessaging
LogPluginManager: Mounting plugin ActorSequence
LogPluginManager: Mounting plugin MatineeToLevelSequence
LogPluginManager: Mounting plugin LevelSequenceEditor
LogPluginManager: Mounting plugin TemplateSequence
LogPluginManager: Mounting plugin OnlineSubsystem
LogPluginManager: Mounting plugin OnlineSubsystemNull
LogPluginManager: Mounting plugin OnlineSubsystemUtils
LogPluginManager: Mounting plugin LauncherChunkInstaller
LogPluginManager: Mounting plugin GeometryProcessing
LogPluginManager: Mounting plugin OpenImageDenoise
LogPluginManager: Mounting plugin MotoSynth
LogPluginManager: Mounting plugin PlanarCut
LogPluginManager: Mounting plugin PlatformCrypto
LogPluginManager: Mounting plugin ProxyLODPlugin
LogPluginManager: Mounting plugin PythonScriptPlugin
LogPluginManager: Mounting plugin SkeletalReduction
LogPluginManager: Mounting plugin ActorLayerUtilities
LogPluginManager: Mounting plugin AndroidDeviceProfileSelector
LogPluginManager: Mounting plugin AndroidMoviePlayer
LogPluginManager: Mounting plugin AndroidPermission
LogPluginManager: Mounting plugin AppleImageUtils
LogPluginManager: Mounting plugin AppleMoviePlayer
LogPluginManager: Mounting plugin ArchVisCharacter
LogPluginManager: Mounting plugin AssetTags
LogPluginManager: Mounting plugin AudioCapture
LogPluginManager: Mounting plugin AudioSynesthesia
LogPluginManager: Mounting plugin CableComponent
LogPluginManager: Mounting plugin ChunkDownloader
LogPluginManager: Mounting plugin CustomMeshComponent
LogPluginManager: Mounting plugin EditableMesh
LogPluginManager: Mounting plugin ExampleDeviceProfileSelector
LogPluginManager: Mounting plugin GoogleCloudMessaging
LogPluginManager: Mounting plugin GooglePAD
LogPluginManager: Mounting plugin IOSDeviceProfileSelector
LogPluginManager: Mounting plugin LinuxDeviceProfileSelector
LogPluginManager: Mounting plugin LocationServicesBPLibrary
LogPluginManager: Mounting plugin MobilePatchingUtils
LogPluginManager: Mounting plugin OpenXR
LogPluginManager: Mounting plugin OpenXREyeTracker
LogPluginManager: Mounting plugin CharacterAI
LogPluginManager: Mounting plugin OpenXRHandTracking
LogPluginManager: Mounting plugin PhysXVehicles
LogPluginManager: Mounting plugin PostSplashScreen
LogPluginManager: Mounting plugin ProceduralMeshComponent
LogPluginManager: Mounting plugin PropertyAccessEditor
LogPluginManager: Mounting plugin RuntimePhysXCooking
LogPluginManager: Mounting plugin SignificanceManager
LogPluginManager: Mounting plugin SoundFields
LogPluginManager: Mounting plugin Synthesis
LogPluginManager: Mounting plugin WebMMoviePlayer
LogPluginManager: Mounting plugin WindowsMoviePlayer
LogPluginManager: Mounting plugin ScreenshotTools
LogPluginManager: Mounting plugin Takes
LogPluginManager: Mounting plugin ContentBrowserAssetDataSource
LogPluginManager: Mounting plugin ContentBrowserClassDataSource
LogPluginManager: Mounting plugin ContentBrowserFileDataSource
LogPluginManager: Mounting plugin OnlineSubsystemGooglePlay
LogPluginManager: Mounting plugin OnlineSubsystemIOS
LogPluginManager: Mounting plugin OculusVR
LogPluginManager: Mounting plugin SteamVR
PixWinPlugin: PIX capture plugin failed to initialize! Check that the process is launched from PIX.
LogInit: Using libcurl 7.55.1-DEV
LogInit:  - built for x86_64-pc-win32
LogInit:  - supports SSL with OpenSSL/1.1.1
LogInit:  - supports HTTP deflate (compression) using libz 1.2.8
LogInit:  - other features:
LogInit:      CURL_VERSION_SSL
LogInit:      CURL_VERSION_LIBZ
LogInit:      CURL_VERSION_IPV6
LogInit:      CURL_VERSION_ASYNCHDNS
LogInit:      CURL_VERSION_LARGEFILE
LogInit:      CURL_VERSION_IDN
LogInit:  CurlRequestOptions (configurable via config and command line):
LogInit:  - bVerifyPeer = true  - Libcurl will verify peer certificate
LogInit:  - bUseHttpProxy = false  - Libcurl will NOT use HTTP proxy
LogInit:  - bDontReuseConnections = false  - Libcurl will reuse connections
LogInit:  - MaxHostConnections = 16  - Libcurl will limit the number of connections to a host
LogInit:  - LocalHostAddr = Default
LogInit:  - BufferSize = 65536
LogOnline: OSS: Creating online subsystem instance for: NULL
LogInit: WinSock: version 1.1 (2.2), MaxSocks=32767, MaxUdp=65467
LogOnline: OSS: TryLoadSubsystemAndSetDefault: Loaded subsystem for module [NULL]
LogOculusPluginWrapper: OculusPlugin initialized successfully
LogHMD: Failed initializing OVRPlugin 1.59.0
LogInit: Build: ++UE4+Release-4.27-CL-18319896
LogInit: Engine Version: 4.27.2-18319896+++UE4+Release-4.27
LogInit: Compatible Engine Version: 4.27.0-17155196+++UE4+Release-4.27
LogInit: Net CL: 17155196
LogInit: OS: Windows 10 (Release 2009) (), CPU: Intel(R) Core(TM) i7-9700K CPU @ 3.60GHz, GPU: NVIDIA GeForce RTX 2070 SUPER
LogInit: Compiled (64-bit): Nov 30 2021 07:12:08
LogInit: Compiled with Visual C++: 19.24.28315.00
LogInit: Build Configuration: Development
LogInit: Branch Name: ++UE4+Release-4.27
LogInit: Command Line:  -skipcompile
LogInit: Base Directory: D:/Unreal/UE_4.27/Engine/Binaries/Win64/
LogInit: Allocator: TBB
LogInit: Installed Engine Build: 1
LogDevObjectVersion: Number of dev versions registered: 29
LogDevObjectVersion:   Dev-Blueprints (B0D832E4-1F89-4F0D-ACCF-7EB736FD4AA2): 10
LogDevObjectVersion:   Dev-Build (E1C64328-A22C-4D53-A36C-8E866417BD8C): 0
LogDevObjectVersion:   Dev-Core (375EC13C-06E4-48FB-B500-84F0262A717E): 4
LogDevObjectVersion:   Dev-Editor (E4B068ED-F494-42E9-A231-DA0B2E46BB41): 40
LogDevObjectVersion:   Dev-Framework (CFFC743F-43B0-4480-9391-14DF171D2073): 37
LogDevObjectVersion:   Dev-Mobile (B02B49B5-BB20-44E9-A304-32B752E40360): 3
LogDevObjectVersion:   Dev-Networking (A4E4105C-59A1-49B5-A7C5-40C4547EDFEE): 0
LogDevObjectVersion:   Dev-Online (39C831C9-5AE6-47DC-9A44-9C173E1C8E7C): 0
LogDevObjectVersion:   Dev-Physics (78F01B33-EBEA-4F98-B9B4-84EACCB95AA2): 14
LogDevObjectVersion:   Dev-Platform (6631380F-2D4D-43E0-8009-CF276956A95A): 0
LogDevObjectVersion:   Dev-Rendering (12F88B9F-8875-4AFC-A67C-D90C383ABD29): 45
LogDevObjectVersion:   Dev-Sequencer (7B5AE74C-D270-4C10-A958-57980B212A5A): 13
LogDevObjectVersion:   Dev-VR (D7296918-1DD6-4BDD-9DE2-64A83CC13884): 3
LogDevObjectVersion:   Dev-LoadTimes (C2A15278-BFE7-4AFE-6C17-90FF531DF755): 1
LogDevObjectVersion:   Private-Geometry (6EACA3D4-40EC-4CC1-B786-8BED09428FC5): 3
LogDevObjectVersion:   Dev-AnimPhys (29E575DD-E0A3-4627-9D10-D276232CDCEA): 17
LogDevObjectVersion:   Dev-Anim (AF43A65D-7FD3-4947-9873-3E8ED9C1BB05): 15
LogDevObjectVersion:   Dev-ReflectionCapture (6B266CEC-1EC7-4B8F-A30B-E4D90942FC07): 1
LogDevObjectVersion:   Dev-Automation (0DF73D61-A23F-47EA-B727-89E90C41499A): 1
LogDevObjectVersion:   FortniteMain (601D1886-AC64-4F84-AA16-D3DE0DEAC7D6): 47
LogDevObjectVersion:   FortniteRelease (E7086368-6B23-4C58-8439-1B7016265E91): 1
LogDevObjectVersion:   Dev-Enterprise (9DFFBCD6-494F-0158-E221-12823C92A888): 10
LogDevObjectVersion:   Dev-Niagara (F2AED0AC-9AFE-416F-8664-AA7FFA26D6FC): 1
LogDevObjectVersion:   Dev-Destruction (174F1F0B-B4C6-45A5-B13F-2EE8D0FB917D): 10
LogDevObjectVersion:   Dev-Physics-Ext (35F94A83-E258-406C-A318-09F59610247C): 41
LogDevObjectVersion:   Dev-PhysicsMaterial-Chaos (B68FC16E-8B1B-42E2-B453-215C058844FE): 1
LogDevObjectVersion:   Dev-CineCamera (B2E18506-4273-CFC2-A54E-F4BB758BBA07): 1
LogDevObjectVersion:   Dev-VirtualProduction (64F58936-FD1B-42BA-BA96-7289D5D0FA4E): 1
LogDevObjectVersion:   Dev-MediaFramework (6F0ED827-A609-4895-9C91-998D90180EA4): 2
LogInit: Presizing for max 25165824 objects, including 0 objects not considered by GC, pre-allocating 0 bytes for permanent pool.
LogConfig: Applying CVar settings from Section [/Script/Engine.StreamingSettings] File [E:/Game Jam/Game/GamJam22/GameJam/Saved/Config/Windows/Engine.ini]
LogConfig: Setting CVar [[s.MinBulkDataSizeForAsyncLoading:131072]]
LogConfig: Setting CVar [[s.AsyncLoadingThreadEnabled:0]]
LogConfig: Setting CVar [[s.EventDrivenLoaderEnabled:1]]
LogConfig: Setting CVar [[s.WarnIfTimeLimitExceeded:0]]
LogConfig: Setting CVar [[s.TimeLimitExceededMultiplier:1.5]]
LogConfig: Setting CVar [[s.TimeLimitExceededMinTime:0.005]]
LogConfig: Setting CVar [[s.UseBackgroundLevelStreaming:1]]
LogConfig: Setting CVar [[s.PriorityAsyncLoadingExtraTime:15.0]]
LogConfig: Setting CVar [[s.LevelStreamingActorsUpdateTimeLimit:5.0]]
LogConfig: Setting CVar [[s.PriorityLevelStreamingActorsUpdateExtraTime:5.0]]
LogConfig: Setting CVar [[s.LevelStreamingComponentsRegistrationGranularity:10]]
LogConfig: Setting CVar [[s.UnregisterComponentsTimeLimit:1.0]]
LogConfig: Setting CVar [[s.LevelStreamingComponentsUnregistrationGranularity:5]]
LogConfig: Setting CVar [[s.FlushStreamingOnExit:1]]
LogInit: Object subsystem initialized
LogConfig: Setting CVar [[con.DebugEarlyDefault:1]]
LogConfig: Setting CVar [[r.setres:1280x720]]
[2022.07.04-10.04.23:832][  0]LogConfig: Setting CVar [[r.VSync:0]]
[2022.07.04-10.04.23:832][  0]LogConfig: Setting CVar [[r.RHICmdBypass:0]]
[2022.07.04-10.04.23:832][  0]LogConfig: Applying CVar settings from Section [/Script/Engine.RendererSettings] File [E:/Game Jam/Game/GamJam22/GameJam/Saved/Config/Windows/Engine.ini]
[2022.07.04-10.04.23:832][  0]LogConfig: Setting CVar [[r.GPUCrashDebugging:0]]
[2022.07.04-10.04.23:832][  0]LogConfig: Applying CVar settings from Section [/Script/Engine.RendererOverrideSettings] File [E:/Game Jam/Game/GamJam22/GameJam/Saved/Config/Windows/Engine.ini]
[2022.07.04-10.04.23:832][  0]LogConfig: Applying CVar settings from Section [/Script/Engine.StreamingSettings] File [E:/Game Jam/Game/GamJam22/GameJam/Saved/Config/Windows/Engine.ini]
[2022.07.04-10.04.23:832][  0]LogConfig: Setting CVar [[s.MinBulkDataSizeForAsyncLoading:131072]]
[2022.07.04-10.04.23:833][  0]LogConfig: Setting CVar [[s.AsyncLoadingThreadEnabled:0]]
[2022.07.04-10.04.23:833][  0]LogConfig: Setting CVar [[s.EventDrivenLoaderEnabled:1]]
[2022.07.04-10.04.23:833][  0]LogConfig: Setting CVar [[s.WarnIfTimeLimitExceeded:0]]
[2022.07.04-10.04.23:833][  0]LogConfig: Setting CVar [[s.TimeLimitExceededMultiplier:1.5]]
[2022.07.04-10.04.23:833][  0]LogConfig: Setting CVar [[s.TimeLimitExceededMinTime:0.005]]
[2022.07.04-10.04.23:833][  0]LogConfig: Setting CVar [[s.UseBackgroundLevelStreaming:1]]
[2022.07.04-10.04.23:833][  0]LogConfig: Setting CVar [[s.PriorityAsyncLoadingExtraTime:15.0]]
[2022.07.04-10.04.23:833][  0]LogConfig: Setting CVar [[s.LevelStreamingActorsUpdateTimeLimit:5.0]]
[2022.07.04-10.04.23:833][  0]LogConfig: Setting CVar [[s.PriorityLevelStreamingActorsUpdateExtraTime:5.0]]
[2022.07.04-10.04.23:833][  0]LogConfig: Setting CVar [[s.LevelStreamingComponentsRegistrationGranularity:10]]
[2022.07.04-10.04.23:833][  0]LogConfig: Setting CVar [[s.UnregisterComponentsTimeLimit:1.0]]
[2022.07.04-10.04.23:833][  0]LogConfig: Setting CVar [[s.LevelStreamingComponentsUnregistrationGranularity:5]]
[2022.07.04-10.04.23:833][  0]LogConfig: Setting CVar [[s.FlushStreamingOnExit:1]]
[2022.07.04-10.04.23:833][  0]LogConfig: Applying CVar settings from Section [/Script/Engine.GarbageCollectionSettings] File [E:/Game Jam/Game/GamJam22/GameJam/Saved/Config/Windows/Engine.ini]
[2022.07.04-10.04.23:833][  0]LogConfig: Setting CVar [[gc.MaxObjectsNotConsideredByGC:1]]
[2022.07.04-10.04.23:833][  0]LogConfig: Setting CVar [[gc.SizeOfPermanentObjectPool:0]]
[2022.07.04-10.04.23:833][  0]LogConfig: Setting CVar [[gc.FlushStreamingOnGC:0]]
[2022.07.04-10.04.23:833][  0]LogConfig: Setting CVar [[gc.NumRetriesBeforeForcingGC:10]]
[2022.07.04-10.04.23:833][  0]LogConfig: Setting CVar [[gc.AllowParallelGC:1]]
[2022.07.04-10.04.23:833][  0]LogConfig: Setting CVar [[gc.TimeBetweenPurgingPendingKillObjects:61.1]]
[2022.07.04-10.04.23:833][  0]LogConfig: Setting CVar [[gc.MaxObjectsInEditor:25165824]]
[2022.07.04-10.04.23:833][  0]LogConfig: Setting CVar [[gc.IncrementalBeginDestroyEnabled:1]]
[2022.07.04-10.04.23:833][  0]LogConfig: Setting CVar [[gc.CreateGCClusters:1]]
[2022.07.04-10.04.23:833][  0]LogConfig: Setting CVar [[gc.MinGCClusterSize:5]]
[2022.07.04-10.04.23:833][  0]LogConfig: Setting CVar [[gc.ActorClusteringEnabled:0]]
[2022.07.04-10.04.23:833][  0]LogConfig: Setting CVar [[gc.BlueprintClusteringEnabled:0]]
[2022.07.04-10.04.23:833][  0]LogConfig: Setting CVar [[gc.UseDisregardForGCOnDedicatedServers:0]]
[2022.07.04-10.04.23:833][  0]LogConfig: Setting CVar [[gc.MultithreadedDestructionEnabled:1]]
[2022.07.04-10.04.23:833][  0]LogConfig: Applying CVar settings from Section [/Script/Engine.NetworkSettings] File [E:/Game Jam/Game/GamJam22/GameJam/Saved/Config/Windows/Engine.ini]
[2022.07.04-10.04.23:833][  0]LogConfig: Applying CVar settings from Section [/Script/UnrealEd.CookerSettings] File [E:/Game Jam/Game/GamJam22/GameJam/Saved/Config/Windows/Engine.ini]
[2022.07.04-10.04.23:863][  0]LogConfig: Applying CVar settings from Section [ViewDistanceQuality@3] File [E:/Game Jam/Game/GamJam22/GameJam/Saved/Config/Windows/Scalability.ini]
[2022.07.04-10.04.23:863][  0]LogConfig: Setting CVar [[r.SkeletalMeshLODBias:0]]
[2022.07.04-10.04.23:863][  0]LogConfig: Setting CVar [[r.ViewDistanceScale:1.0]]
[2022.07.04-10.04.23:863][  0]LogConfig: Applying CVar settings from Section [AntiAliasingQuality@3] File [E:/Game Jam/Game/GamJam22/GameJam/Saved/Config/Windows/Scalability.ini]
[2022.07.04-10.04.23:863][  0]LogConfig: Setting CVar [[r.PostProcessAAQuality:4]]
[2022.07.04-10.04.23:863][  0]LogConfig: Applying CVar settings from Section [ShadowQuality@3] File [E:/Game Jam/Game/GamJam22/GameJam/Saved/Config/Windows/Scalability.ini]
[2022.07.04-10.04.23:863][  0]LogConfig: Setting CVar [[r.LightFunctionQuality:1]]
[2022.07.04-10.04.23:863][  0]LogConfig: Setting CVar [[r.ShadowQuality:5]]
[2022.07.04-10.04.23:863][  0]LogConfig: Setting CVar [[r.Shadow.CSM.MaxCascades:10]]
[2022.07.04-10.04.23:863][  0]LogConfig: Setting CVar [[r.Shadow.MaxResolution:2048]]
[2022.07.04-10.04.23:863][  0]LogConfig: Setting CVar [[r.Shadow.MaxCSMResolution:2048]]
[2022.07.04-10.04.23:863][  0]LogConfig: Setting CVar [[r.Shadow.RadiusThreshold:0.01]]
[2022.07.04-10.04.23:863][  0]LogConfig: Setting CVar [[r.Shadow.DistanceScale:1.0]]
[2022.07.04-10.04.23:863][  0]LogConfig: Setting CVar [[r.Shadow.CSM.TransitionScale:1.0]]
[2022.07.04-10.04.23:863][  0]LogConfig: Setting CVar [[r.Shadow.PreShadowResolutionFactor:1.0]]
[2022.07.04-10.04.23:864][  0]LogConfig: Setting CVar [[r.DistanceFieldShadowing:1]]
[2022.07.04-10.04.23:864][  0]LogConfig: Setting CVar [[r.DistanceFieldAO:1]]
[2022.07.04-10.04.23:864][  0]LogConfig: Setting CVar [[r.AOQuality:2]]
[2022.07.04-10.04.23:864][  0]LogConfig: Setting CVar [[r.VolumetricFog:1]]
[2022.07.04-10.04.23:864][  0]LogConfig: Setting CVar [[r.VolumetricFog.GridPixelSize:8]]
[2022.07.04-10.04.23:864][  0]LogConfig: Setting CVar [[r.VolumetricFog.GridSizeZ:128]]
[2022.07.04-10.04.23:864][  0]LogConfig: Setting CVar [[r.VolumetricFog.HistoryMissSupersampleCount:4]]
[2022.07.04-10.04.23:864][  0]LogConfig: Setting CVar [[r.LightMaxDrawDistanceScale:1]]
[2022.07.04-10.04.23:864][  0]LogConfig: Setting CVar [[r.CapsuleShadows:1]]
[2022.07.04-10.04.23:864][  0]LogConfig: Applying CVar settings from Section [PostProcessQuality@3] File [E:/Game Jam/Game/GamJam22/GameJam/Saved/Config/Windows/Scalability.ini]
[2022.07.04-10.04.23:864][  0]LogConfig: Setting CVar [[r.MotionBlurQuality:4]]
[2022.07.04-10.04.23:864][  0]LogConfig: Setting CVar [[r.AmbientOcclusionMipLevelFactor:0.4]]
[2022.07.04-10.04.23:864][  0]LogConfig: Setting CVar [[r.AmbientOcclusionMaxQuality:100]]
[2022.07.04-10.04.23:864][  0]LogConfig: Setting CVar [[r.AmbientOcclusionLevels:-1]]
[2022.07.04-10.04.23:864][  0]LogConfig: Setting CVar [[r.AmbientOcclusionRadiusScale:1.0]]
[2022.07.04-10.04.23:864][  0]LogConfig: Setting CVar [[r.DepthOfFieldQuality:2]]
[2022.07.04-10.04.23:864][  0]LogConfig: Setting CVar [[r.RenderTargetPoolMin:400]]
[2022.07.04-10.04.23:864][  0]LogConfig: Setting CVar [[r.LensFlareQuality:2]]
[2022.07.04-10.04.23:864][  0]LogConfig: Setting CVar [[r.SceneColorFringeQuality:1]]
[2022.07.04-10.04.23:864][  0]LogConfig: Setting CVar [[r.EyeAdaptationQuality:2]]
[2022.07.04-10.04.23:864][  0]LogConfig: Setting CVar [[r.BloomQuality:5]]
[2022.07.04-10.04.23:864][  0]LogConfig: Setting CVar [[r.FastBlurThreshold:100]]
[2022.07.04-10.04.23:864][  0]LogConfig: Setting CVar [[r.Upscale.Quality:3]]
[2022.07.04-10.04.23:864][  0]LogConfig: Setting CVar [[r.Tonemapper.GrainQuantization:1]]
[2022.07.04-10.04.23:864][  0]LogConfig: Setting CVar [[r.LightShaftQuality:1]]
[2022.07.04-10.04.23:864][  0]LogConfig: Setting CVar [[r.Filter.SizeScale:1]]
[2022.07.04-10.04.23:864][  0]LogConfig: Setting CVar [[r.Tonemapper.Quality:5]]
[2022.07.04-10.04.23:864][  0]LogConfig: Setting CVar [[r.DOF.Gather.AccumulatorQuality:1        ; higher gathering accumulator quality]]
[2022.07.04-10.04.23:864][  0]LogConfig: Setting CVar [[r.DOF.Gather.PostfilterMethod:1          ; Median3x3 postfilering method]]
[2022.07.04-10.04.23:864][  0]LogConfig: Setting CVar [[r.DOF.Gather.EnableBokehSettings:0       ; no bokeh simulation when gathering]]
[2022.07.04-10.04.23:864][  0]LogConfig: Setting CVar [[r.DOF.Gather.RingCount:4                 ; medium number of samples when gathering]]
[2022.07.04-10.04.23:865][  0]LogConfig: Setting CVar [[r.DOF.Scatter.ForegroundCompositing:1    ; additive foreground scattering]]
[2022.07.04-10.04.23:865][  0]LogConfig: Setting CVar [[r.DOF.Scatter.BackgroundCompositing:2    ; additive background scattering]]
[2022.07.04-10.04.23:865][  0]LogConfig: Setting CVar [[r.DOF.Scatter.EnableBokehSettings:1      ; bokeh simulation when scattering]]
[2022.07.04-10.04.23:865][  0]LogConfig: Setting CVar [[r.DOF.Scatter.MaxSpriteRatio:0.1         ; only a maximum of 10% of scattered bokeh]]
[2022.07.04-10.04.23:865][  0]LogConfig: Setting CVar [[r.DOF.Recombine.Quality:1                ; cheap slight out of focus]]
[2022.07.04-10.04.23:865][  0]LogConfig: Setting CVar [[r.DOF.Recombine.EnableBokehSettings:0    ; no bokeh simulation on slight out of focus]]
[2022.07.04-10.04.23:865][  0]LogConfig: Setting CVar [[r.DOF.TemporalAAQuality:1                ; more stable temporal accumulation]]
[2022.07.04-10.04.23:865][  0]LogConfig: Setting CVar [[r.DOF.Kernel.MaxForegroundRadius:0.025]]
[2022.07.04-10.04.23:865][  0]LogConfig: Setting CVar [[r.DOF.Kernel.MaxBackgroundRadius:0.025]]
[2022.07.04-10.04.23:865][  0]LogConfig: Applying CVar settings from Section [TextureQuality@3] File [E:/Game Jam/Game/GamJam22/GameJam/Saved/Config/Windows/Scalability.ini]
[2022.07.04-10.04.23:865][  0]LogConfig: Setting CVar [[r.Streaming.MipBias:0]]
[2022.07.04-10.04.23:865][  0]LogConfig: Setting CVar [[r.Streaming.AmortizeCPUToGPUCopy:0]]
[2022.07.04-10.04.23:865][  0]LogConfig: Setting CVar [[r.Streaming.MaxNumTexturesToStreamPerFrame:0]]
[2022.07.04-10.04.23:865][  0]LogConfig: Setting CVar [[r.Streaming.Boost:1]]
[2022.07.04-10.04.23:865][  0]LogConfig: Setting CVar [[r.MaxAnisotropy:8]]
[2022.07.04-10.04.23:865][  0]LogConfig: Setting CVar [[r.VT.MaxAnisotropy:8]]
[2022.07.04-10.04.23:865][  0]LogConfig: Setting CVar [[r.Streaming.LimitPoolSizeToVRAM:0]]
[2022.07.04-10.04.23:865][  0]LogConfig: Setting CVar [[r.Streaming.PoolSize:1000]]
[2022.07.04-10.04.23:865][  0]LogConfig: Setting CVar [[r.Streaming.MaxEffectiveScreenSize:0]]
[2022.07.04-10.04.23:865][  0]LogConfig: Applying CVar settings from Section [EffectsQuality@3] File [E:/Game Jam/Game/GamJam22/GameJam/Saved/Config/Windows/Scalability.ini]
[2022.07.04-10.04.23:865][  0]LogConfig: Setting CVar [[r.TranslucencyLightingVolumeDim:64]]
[2022.07.04-10.04.23:865][  0]LogConfig: Setting CVar [[r.RefractionQuality:2]]
[2022.07.04-10.04.23:865][  0]LogConfig: Setting CVar [[r.SSR.Quality:3]]
[2022.07.04-10.04.23:865][  0]LogConfig: Setting CVar [[r.SSR.HalfResSceneColor:0]]
[2022.07.04-10.04.23:865][  0]LogConfig: Setting CVar [[r.SceneColorFormat:4]]
[2022.07.04-10.04.23:865][  0]LogConfig: Setting CVar [[r.DetailMode:2]]
[2022.07.04-10.04.23:865][  0]LogConfig: Setting CVar [[r.TranslucencyVolumeBlur:1]]
[2022.07.04-10.04.23:865][  0]LogConfig: Setting CVar [[r.MaterialQualityLevel:1 ; High quality]]
[2022.07.04-10.04.23:865][  0]LogConfig: Setting CVar [[r.AnisotropicMaterials:1]]
[2022.07.04-10.04.23:865][  0]LogConfig: Setting CVar [[r.SSS.Scale:1]]
[2022.07.04-10.04.23:865][  0]LogConfig: Setting CVar [[r.SSS.SampleSet:2]]
[2022.07.04-10.04.23:865][  0]LogConfig: Setting CVar [[r.SSS.Quality:1]]
[2022.07.04-10.04.23:866][  0]LogConfig: Setting CVar [[r.SSS.HalfRes:0]]
[2022.07.04-10.04.23:866][  0]LogConfig: Setting CVar [[r.SSGI.Quality:3]]
[2022.07.04-10.04.23:866][  0]LogConfig: Setting CVar [[r.EmitterSpawnRateScale:1.0]]
[2022.07.04-10.04.23:866][  0]LogConfig: Setting CVar [[r.ParticleLightQuality:2]]
[2022.07.04-10.04.23:866][  0]LogConfig: Setting CVar [[r.SkyAtmosphere.AerialPerspectiveLUT.FastApplyOnOpaque:1 ; Always have FastSkyLUT 1 in this case to avoid wrong sky]]
[2022.07.04-10.04.23:866][  0]LogConfig: Setting CVar [[r.SkyAtmosphere.AerialPerspectiveLUT.SampleCountMaxPerSlice:4]]
[2022.07.04-10.04.23:866][  0]LogConfig: Setting CVar [[r.SkyAtmosphere.AerialPerspectiveLUT.DepthResolution:16.0]]
[2022.07.04-10.04.23:866][  0]LogConfig: Setting CVar [[r.SkyAtmosphere.FastSkyLUT:1]]
[2022.07.04-10.04.23:866][  0]LogConfig: Setting CVar [[r.SkyAtmosphere.FastSkyLUT.SampleCountMin:4.0]]
[2022.07.04-10.04.23:866][  0]LogConfig: Setting CVar [[r.SkyAtmosphere.FastSkyLUT.SampleCountMax:128.0]]
[2022.07.04-10.04.23:866][  0]LogConfig: Setting CVar [[r.SkyAtmosphere.SampleCountMin:4.0]]
[2022.07.04-10.04.23:866][  0]LogConfig: Setting CVar [[r.SkyAtmosphere.SampleCountMax:128.0]]
[2022.07.04-10.04.23:866][  0]LogConfig: Setting CVar [[r.SkyAtmosphere.TransmittanceLUT.UseSmallFormat:0]]
[2022.07.04-10.04.23:866][  0]LogConfig: Setting CVar [[r.SkyAtmosphere.TransmittanceLUT.SampleCount:10.0]]
[2022.07.04-10.04.23:866][  0]LogConfig: Setting CVar [[r.SkyAtmosphere.MultiScatteringLUT.SampleCount:15.0]]
[2022.07.04-10.04.23:866][  0]LogConfig: Setting CVar [[r.SkyLight.RealTimeReflectionCapture:1]]
[2022.07.04-10.04.23:866][  0]LogConfig: Applying CVar settings from Section [FoliageQuality@3] File [E:/Game Jam/Game/GamJam22/GameJam/Saved/Config/Windows/Scalability.ini]
[2022.07.04-10.04.23:866][  0]LogConfig: Setting CVar [[foliage.DensityScale:1.0]]
[2022.07.04-10.04.23:866][  0]LogConfig: Setting CVar [[grass.DensityScale:1.0]]
[2022.07.04-10.04.23:866][  0]LogConfig: Applying CVar settings from Section [ShadingQuality@3] File [E:/Game Jam/Game/GamJam22/GameJam/Saved/Config/Windows/Scalability.ini]
[2022.07.04-10.04.23:866][  0]LogConfig: Setting CVar [[r.HairStrands.SkyLighting.IntegrationType:2]]
[2022.07.04-10.04.23:866][  0]LogConfig: Setting CVar [[r.HairStrands.SkyAO.SampleCount:4]]
[2022.07.04-10.04.23:866][  0]LogConfig: Setting CVar [[r.HairStrands.Visibility.MSAA.SamplePerPixel:4]]
[2022.07.04-10.04.23:866][  0]LogInit: Selected Device Profile: [Windows]
[2022.07.04-10.04.23:866][  0]LogInit: Applying CVar settings loaded from the selected device profile: [Windows]
[2022.07.04-10.04.23:866][  0]LogHAL: Display: Platform has ~ 32 GB [34155495424 / 34359738368 / 32], which maps to Largest [LargestMinGB=32, LargerMinGB=12, DefaultMinGB=8, SmallerMinGB=6, SmallestMinGB=0)
[2022.07.04-10.04.23:866][  0]LogInit: Going up to parent DeviceProfile []
[2022.07.04-10.04.23:867][  0]LogConfig: Applying CVar settings from Section [ViewDistanceQuality@3] File [E:/Game Jam/Game/GamJam22/GameJam/Saved/Config/Windows/Scalability.ini]
[2022.07.04-10.04.23:867][  0]LogConfig: Setting CVar [[r.SkeletalMeshLODBias:0]]
[2022.07.04-10.04.23:867][  0]LogConfig: Setting CVar [[r.ViewDistanceScale:1.0]]
[2022.07.04-10.04.23:867][  0]LogConfig: Applying CVar settings from Section [AntiAliasingQuality@3] File [E:/Game Jam/Game/GamJam22/GameJam/Saved/Config/Windows/Scalability.ini]
[2022.07.04-10.04.23:867][  0]LogConfig: Setting CVar [[r.PostProcessAAQuality:4]]
[2022.07.04-10.04.23:867][  0]LogConfig: Applying CVar settings from Section [ShadowQuality@3] File [E:/Game Jam/Game/GamJam22/GameJam/Saved/Config/Windows/Scalability.ini]
[2022.07.04-10.04.23:867][  0]LogConfig: Setting CVar [[r.LightFunctionQuality:1]]
[2022.07.04-10.04.23:867][  0]LogConfig: Setting CVar [[r.ShadowQuality:5]]
[2022.07.04-10.04.23:867][  0]LogConfig: Setting CVar [[r.Shadow.CSM.MaxCascades:10]]
[2022.07.04-10.04.23:867][  0]LogConfig: Setting CVar [[r.Shadow.MaxResolution:2048]]
[2022.07.04-10.04.23:867][  0]LogConfig: Setting CVar [[r.Shadow.MaxCSMResolution:2048]]
[2022.07.04-10.04.23:867][  0]LogConfig: Setting CVar [[r.Shadow.RadiusThreshold:0.01]]
[2022.07.04-10.04.23:867][  0]LogConfig: Setting CVar [[r.Shadow.DistanceScale:1.0]]
[2022.07.04-10.04.23:867][  0]LogConfig: Setting CVar [[r.Shadow.CSM.TransitionScale:1.0]]
[2022.07.04-10.04.23:867][  0]LogConfig: Setting CVar [[r.Shadow.PreShadowResolutionFactor:1.0]]
[2022.07.04-10.04.23:867][  0]LogConfig: Setting CVar [[r.DistanceFieldShadowing:1]]
[2022.07.04-10.04.23:867][  0]LogConfig: Setting CVar [[r.DistanceFieldAO:1]]
[2022.07.04-10.04.23:867][  0]LogConfig: Setting CVar [[r.AOQuality:2]]
[2022.07.04-10.04.23:867][  0]LogConfig: Setting CVar [[r.VolumetricFog:1]]
[2022.07.04-10.04.23:867][  0]LogConfig: Setting CVar [[r.VolumetricFog.GridPixelSize:8]]
[2022.07.04-10.04.23:867][  0]LogConfig: Setting CVar [[r.VolumetricFog.GridSizeZ:128]]
[2022.07.04-10.04.23:867][  0]LogConfig: Setting CVar [[r.VolumetricFog.HistoryMissSupersampleCount:4]]
[2022.07.04-10.04.23:867][  0]LogConfig: Setting CVar [[r.LightMaxDrawDistanceScale:1]]
[2022.07.04-10.04.23:867][  0]LogConfig: Setting CVar [[r.CapsuleShadows:1]]
[2022.07.04-10.04.23:867][  0]LogConfig: Applying CVar settings from Section [PostProcessQuality@3] File [E:/Game Jam/Game/GamJam22/GameJam/Saved/Config/Windows/Scalability.ini]
[2022.07.04-10.04.23:867][  0]LogConfig: Setting CVar [[r.MotionBlurQuality:4]]
[2022.07.04-10.04.23:867][  0]LogConfig: Setting CVar [[r.AmbientOcclusionMipLevelFactor:0.4]]
[2022.07.04-10.04.23:867][  0]LogConfig: Setting CVar [[r.AmbientOcclusionMaxQuality:100]]
[2022.07.04-10.04.23:867][  0]LogConfig: Setting CVar [[r.AmbientOcclusionLevels:-1]]
[2022.07.04-10.04.23:867][  0]LogConfig: Setting CVar [[r.AmbientOcclusionRadiusScale:1.0]]
[2022.07.04-10.04.23:867][  0]LogConfig: Setting CVar [[r.DepthOfFieldQuality:2]]
[2022.07.04-10.04.23:867][  0]LogConfig: Setting CVar [[r.RenderTargetPoolMin:400]]
[2022.07.04-10.04.23:867][  0]LogConfig: Setting CVar [[r.LensFlareQuality:2]]
[2022.07.04-10.04.23:868][  0]LogConfig: Setting CVar [[r.SceneColorFringeQuality:1]]
[2022.07.04-10.04.23:868][  0]LogConfig: Setting CVar [[r.EyeAdaptationQuality:2]]
[2022.07.04-10.04.23:868][  0]LogConfig: Setting CVar [[r.BloomQuality:5]]
[2022.07.04-10.04.23:868][  0]LogConfig: Setting CVar [[r.FastBlurThreshold:100]]
[2022.07.04-10.04.23:868][  0]LogConfig: Setting CVar [[r.Upscale.Quality:3]]
[2022.07.04-10.04.23:868][  0]LogConfig: Setting CVar [[r.Tonemapper.GrainQuantization:1]]
[2022.07.04-10.04.23:868][  0]LogConfig: Setting CVar [[r.LightShaftQuality:1]]
[2022.07.04-10.04.23:868][  0]LogConfig: Setting CVar [[r.Filter.SizeScale:1]]
[2022.07.04-10.04.23:868][  0]LogConfig: Setting CVar [[r.Tonemapper.Quality:5]]
[2022.07.04-10.04.23:868][  0]LogConfig: Setting CVar [[r.DOF.Gather.AccumulatorQuality:1        ; higher gathering accumulator quality]]
[2022.07.04-10.04.23:868][  0]LogConfig: Setting CVar [[r.DOF.Gather.PostfilterMethod:1          ; Median3x3 postfilering method]]
[2022.07.04-10.04.23:868][  0]LogConfig: Setting CVar [[r.DOF.Gather.EnableBokehSettings:0       ; no bokeh simulation when gathering]]
[2022.07.04-10.04.23:868][  0]LogConfig: Setting CVar [[r.DOF.Gather.RingCount:4                 ; medium number of samples when gathering]]
[2022.07.04-10.04.23:868][  0]LogConfig: Setting CVar [[r.DOF.Scatter.ForegroundCompositing:1    ; additive foreground scattering]]
[2022.07.04-10.04.23:868][  0]LogConfig: Setting CVar [[r.DOF.Scatter.BackgroundCompositing:2    ; additive background scattering]]
[2022.07.04-10.04.23:868][  0]LogConfig: Setting CVar [[r.DOF.Scatter.EnableBokehSettings:1      ; bokeh simulation when scattering]]
[2022.07.04-10.04.23:868][  0]LogConfig: Setting CVar [[r.DOF.Scatter.MaxSpriteRatio:0.1         ; only a maximum of 10% of scattered bokeh]]
[2022.07.04-10.04.23:868][  0]LogConfig: Setting CVar [[r.DOF.Recombine.Quality:1                ; cheap slight out of focus]]
[2022.07.04-10.04.23:868][  0]LogConfig: Setting CVar [[r.DOF.Recombine.EnableBokehSettings:0    ; no bokeh simulation on slight out of focus]]
[2022.07.04-10.04.23:868][  0]LogConfig: Setting CVar [[r.DOF.TemporalAAQuality:1                ; more stable temporal accumulation]]
[2022.07.04-10.04.23:868][  0]LogConfig: Setting CVar [[r.DOF.Kernel.MaxForegroundRadius:0.025]]
[2022.07.04-10.04.23:868][  0]LogConfig: Setting CVar [[r.DOF.Kernel.MaxBackgroundRadius:0.025]]
[2022.07.04-10.04.23:868][  0]LogConfig: Applying CVar settings from Section [TextureQuality@3] File [E:/Game Jam/Game/GamJam22/GameJam/Saved/Config/Windows/Scalability.ini]
[2022.07.04-10.04.23:868][  0]LogConfig: Setting CVar [[r.Streaming.MipBias:0]]
[2022.07.04-10.04.23:868][  0]LogConfig: Setting CVar [[r.Streaming.AmortizeCPUToGPUCopy:0]]
[2022.07.04-10.04.23:868][  0]LogConfig: Setting CVar [[r.Streaming.MaxNumTexturesToStreamPerFrame:0]]
[2022.07.04-10.04.23:868][  0]LogConfig: Setting CVar [[r.Streaming.Boost:1]]
[2022.07.04-10.04.23:868][  0]LogConfig: Setting CVar [[r.MaxAnisotropy:8]]
[2022.07.04-10.04.23:868][  0]LogConfig: Setting CVar [[r.VT.MaxAnisotropy:8]]
[2022.07.04-10.04.23:868][  0]LogConfig: Setting CVar [[r.Streaming.LimitPoolSizeToVRAM:0]]
[2022.07.04-10.04.23:868][  0]LogConfig: Setting CVar [[r.Streaming.PoolSize:1000]]
[2022.07.04-10.04.23:869][  0]LogConfig: Setting CVar [[r.Streaming.MaxEffectiveScreenSize:0]]
[2022.07.04-10.04.23:869][  0]LogConfig: Applying CVar settings from Section [EffectsQuality@3] File [E:/Game Jam/Game/GamJam22/GameJam/Saved/Config/Windows/Scalability.ini]
[2022.07.04-10.04.23:869][  0]LogConfig: Setting CVar [[r.TranslucencyLightingVolumeDim:64]]
[2022.07.04-10.04.23:869][  0]LogConfig: Setting CVar [[r.RefractionQuality:2]]
[2022.07.04-10.04.23:869][  0]LogConfig: Setting CVar [[r.SSR.Quality:3]]
[2022.07.04-10.04.23:869][  0]LogConfig: Setting CVar [[r.SSR.HalfResSceneColor:0]]
[2022.07.04-10.04.23:869][  0]LogConfig: Setting CVar [[r.SceneColorFormat:4]]
[2022.07.04-10.04.23:869][  0]LogConfig: Setting CVar [[r.DetailMode:2]]
[2022.07.04-10.04.23:869][  0]LogConfig: Setting CVar [[r.TranslucencyVolumeBlur:1]]
[2022.07.04-10.04.23:869][  0]LogConfig: Setting CVar [[r.MaterialQualityLevel:1 ; High quality]]
[2022.07.04-10.04.23:869][  0]LogConfig: Setting CVar [[r.AnisotropicMaterials:1]]
[2022.07.04-10.04.23:869][  0]LogConfig: Setting CVar [[r.SSS.Scale:1]]
[2022.07.04-10.04.23:869][  0]LogConfig: Setting CVar [[r.SSS.SampleSet:2]]
[2022.07.04-10.04.23:869][  0]LogConfig: Setting CVar [[r.SSS.Quality:1]]
[2022.07.04-10.04.23:869][  0]LogConfig: Setting CVar [[r.SSS.HalfRes:0]]
[2022.07.04-10.04.23:869][  0]LogConfig: Setting CVar [[r.SSGI.Quality:3]]
[2022.07.04-10.04.23:869][  0]LogConfig: Setting CVar [[r.EmitterSpawnRateScale:1.0]]
[2022.07.04-10.04.23:869][  0]LogConfig: Setting CVar [[r.ParticleLightQuality:2]]
[2022.07.04-10.04.23:869][  0]LogConfig: Setting CVar [[r.SkyAtmosphere.AerialPerspectiveLUT.FastApplyOnOpaque:1 ; Always have FastSkyLUT 1 in this case to avoid wrong sky]]
[2022.07.04-10.04.23:869][  0]LogConfig: Setting CVar [[r.SkyAtmosphere.AerialPerspectiveLUT.SampleCountMaxPerSlice:4]]
[2022.07.04-10.04.23:869][  0]LogConfig: Setting CVar [[r.SkyAtmosphere.AerialPerspectiveLUT.DepthResolution:16.0]]
[2022.07.04-10.04.23:869][  0]LogConfig: Setting CVar [[r.SkyAtmosphere.FastSkyLUT:1]]
[2022.07.04-10.04.23:869][  0]LogConfig: Setting CVar [[r.SkyAtmosphere.FastSkyLUT.SampleCountMin:4.0]]
[2022.07.04-10.04.23:869][  0]LogConfig: Setting CVar [[r.SkyAtmosphere.FastSkyLUT.SampleCountMax:128.0]]
[2022.07.04-10.04.23:869][  0]LogConfig: Setting CVar [[r.SkyAtmosphere.SampleCountMin:4.0]]
[2022.07.04-10.04.23:869][  0]LogConfig: Setting CVar [[r.SkyAtmosphere.SampleCountMax:128.0]]
[2022.07.04-10.04.23:869][  0]LogConfig: Setting CVar [[r.SkyAtmosphere.TransmittanceLUT.UseSmallFormat:0]]
[2022.07.04-10.04.23:869][  0]LogConfig: Setting CVar [[r.SkyAtmosphere.TransmittanceLUT.SampleCount:10.0]]
[2022.07.04-10.04.23:869][  0]LogConfig: Setting CVar [[r.SkyAtmosphere.MultiScatteringLUT.SampleCount:15.0]]
[2022.07.04-10.04.23:869][  0]LogConfig: Setting CVar [[r.SkyLight.RealTimeReflectionCapture:1]]
[2022.07.04-10.04.23:869][  0]LogConfig: Applying CVar settings from Section [FoliageQuality@3] File [E:/Game Jam/Game/GamJam22/GameJam/Saved/Config/Windows/Scalability.ini]
[2022.07.04-10.04.23:869][  0]LogConfig: Setting CVar [[foliage.DensityScale:1.0]]
[2022.07.04-10.04.23:870][  0]LogConfig: Setting CVar [[grass.DensityScale:1.0]]
[2022.07.04-10.04.23:870][  0]LogConfig: Applying CVar settings from Section [ShadingQuality@3] File [E:/Game Jam/Game/GamJam22/GameJam/Saved/Config/Windows/Scalability.ini]
[2022.07.04-10.04.23:870][  0]LogConfig: Setting CVar [[r.HairStrands.SkyLighting.IntegrationType:2]]
[2022.07.04-10.04.23:870][  0]LogConfig: Setting CVar [[r.HairStrands.SkyAO.SampleCount:4]]
[2022.07.04-10.04.23:870][  0]LogConfig: Setting CVar [[r.HairStrands.Visibility.MSAA.SamplePerPixel:4]]
[2022.07.04-10.04.23:870][  0]LogConfig: Applying CVar settings from Section [Startup] File [../../../Engine/Config/ConsoleVariables.ini]
[2022.07.04-10.04.23:874][  0]LogConfig: Setting CVar [[net.UseAdaptiveNetUpdateFrequency:0]]
[2022.07.04-10.04.23:874][  0]LogConfig: Setting CVar [[p.chaos.AllowCreatePhysxBodies:1]]
[2022.07.04-10.04.23:874][  0]LogConfig: Setting CVar [[fx.SkipVectorVMBackendOptimizations:1]]
[2022.07.04-10.04.23:874][  0]LogConfig: Applying CVar settings from Section [ConsoleVariables] File [E:/Game Jam/Game/GamJam22/GameJam/Saved/Config/Windows/Engine.ini]
[2022.07.04-10.04.23:874][  0]LogConfig: Applying CVar settings from Section [ConsoleVariables] File [E:/Game Jam/Game/GamJam22/GameJam/Saved/Config/Windows/Editor.ini]
[2022.07.04-10.04.23:874][  0]LogInit: Computer: W0DEL-1-125A-04
[2022.07.04-10.04.23:875][  0]LogInit: User: up889272
[2022.07.04-10.04.23:875][  0]LogInit: CPU Page size=4096, Cores=8
[2022.07.04-10.04.23:875][  0]LogInit: High frequency timer resolution =10.000000 MHz
[2022.07.04-10.04.23:875][  0]LogMemory: Memory total: Physical=31.8GB (32GB approx)
[2022.07.04-10.04.23:875][  0]LogMemory: Platform Memory Stats for Windows
[2022.07.04-10.04.23:875][  0]LogMemory: Process Physical Memory: 143.37 MB used, 143.37 MB peak
[2022.07.04-10.04.23:875][  0]LogMemory: Process Virtual Memory: 125.15 MB used, 125.15 MB peak
[2022.07.04-10.04.23:875][  0]LogMemory: Physical Memory: 11226.36 MB used,  21346.86 MB free, 32573.22 MB total
[2022.07.04-10.04.23:875][  0]LogMemory: Virtual Memory: 134194376.00 MB used,  23354.28 MB free, 134217728.00 MB total
[2022.07.04-10.04.23:883][  0]LogWindows: WindowsPlatformFeatures enabled
[2022.07.04-10.04.26:052][  0]LogInit: Physics initialised using underlying interface: PhysX
[2022.07.04-10.04.26:052][  0]LogInit: Using OS detected language (en-GB).
[2022.07.04-10.04.26:052][  0]LogInit: Using OS detected locale (en-GB).
[2022.07.04-10.04.26:054][  0]LogTextLocalizationManager: No specific localization for 'en-GB' exists, so the 'en' localization will be used.
[2022.07.04-10.04.26:268][  0]LogInit: Setting process to per monitor DPI aware
[2022.07.04-10.04.26:303][  0]LogWindowsTextInputMethodSystem: Display: IME system deactivated.
[2022.07.04-10.04.26:357][  0]LogSlate: New Slate User Created.  User Index 0, Is Virtual User: 0
[2022.07.04-10.04.26:357][  0]LogSlate: Slate User Registered.  User Index 0, Is Virtual User: 0
[2022.07.04-10.04.28:725][  0]LogD3D11RHI: Loaded GFSDK_Aftermath_Lib.x64.dll
[2022.07.04-10.04.28:730][  0]LogHMD: Failed to initialize OpenVR with code 110
[2022.07.04-10.04.28:731][  0]LogD3D11RHI: D3D11 min allowed feature level: 11_0
[2022.07.04-10.04.28:731][  0]LogD3D11RHI: D3D11 max allowed feature level: 11_0
[2022.07.04-10.04.28:731][  0]LogD3D11RHI: D3D11 adapters:
[2022.07.04-10.04.28:869][  0]LogD3D11RHI:    0. 'NVIDIA GeForce RTX 2070 SUPER' (Feature Level 11_0)
[2022.07.04-10.04.28:869][  0]LogD3D11RHI:       8011/0/16286 MB DedicatedVideo/DedicatedSystem/SharedSystem, Outputs:1, VendorId:0x10de
[2022.07.04-10.04.28:893][  0]LogD3D11RHI:    1. 'Intel(R) UHD Graphics 630' (Feature Level 11_0)
[2022.07.04-10.04.28:893][  0]LogD3D11RHI:       128/0/16286 MB DedicatedVideo/DedicatedSystem/SharedSystem, Outputs:1, VendorId:0x8086
[2022.07.04-10.04.28:918][  0]LogD3D11RHI:    2. 'Microsoft Basic Render Driver' (Feature Level 11_0)
[2022.07.04-10.04.28:918][  0]LogD3D11RHI:       0/0/16286 MB DedicatedVideo/DedicatedSystem/SharedSystem, Outputs:0, VendorId:0x1414
[2022.07.04-10.04.28:918][  0]LogD3D11RHI: Chosen D3D11 Adapter:
[2022.07.04-10.04.28:918][  0]LogD3D11RHI:     Description : NVIDIA GeForce RTX 2070 SUPER
[2022.07.04-10.04.28:918][  0]LogD3D11RHI:     VendorId    : 10de
[2022.07.04-10.04.28:918][  0]LogD3D11RHI:     DeviceId    : 1e84
[2022.07.04-10.04.28:918][  0]LogD3D11RHI:     SubSysId    : 133d196e
[2022.07.04-10.04.28:919][  0]LogD3D11RHI:     Revision    : 00a1
[2022.07.04-10.04.28:919][  0]LogD3D11RHI:     DedicatedVideoMemory : 8400142336 bytes
[2022.07.04-10.04.28:919][  0]LogD3D11RHI:     DedicatedSystemMemory : 0 bytes
[2022.07.04-10.04.28:919][  0]LogD3D11RHI:     SharedSystemMemory : 17077747712 bytes
[2022.07.04-10.04.28:919][  0]LogD3D11RHI:     AdapterLuid : 0 57219
[2022.07.04-10.04.28:923][  0]LogD3D11RHI: Creating new Direct3DDevice
[2022.07.04-10.04.28:923][  0]LogD3D11RHI:     GPU DeviceId: 0x1e84 (for the marketing name, search the web for "GPU Device Id")
[2022.07.04-10.04.28:923][  0]LogWindows: EnumDisplayDevices:
[2022.07.04-10.04.28:924][  0]LogWindows:    0. 'NVIDIA GeForce RTX 2070 SUPER' (P:1 D:1)
[2022.07.04-10.04.28:924][  0]LogWindows:    1. 'NVIDIA GeForce RTX 2070 SUPER' (P:0 D:0)
[2022.07.04-10.04.28:924][  0]LogWindows:    2. 'NVIDIA GeForce RTX 2070 SUPER' (P:0 D:0)
[2022.07.04-10.04.28:925][  0]LogWindows:    3. 'NVIDIA GeForce RTX 2070 SUPER' (P:0 D:0)
[2022.07.04-10.04.28:925][  0]LogWindows:    4. 'Intel(R) UHD Graphics 630' (P:0 D:1)
[2022.07.04-10.04.28:925][  0]LogWindows:    5. 'Intel(R) UHD Graphics 630' (P:0 D:0)
[2022.07.04-10.04.28:926][  0]LogWindows:    6. 'Intel(R) UHD Graphics 630' (P:0 D:0)
[2022.07.04-10.04.28:926][  0]LogWindows: DebugString: PrimaryIsNotTheChoosenAdapter PrimaryIsNotTheChoosenAdapter PrimaryIsNotTheChoosenAdapter FoundDriverCount:4 
[2022.07.04-10.04.28:926][  0]LogD3D11RHI:     Adapter Name: NVIDIA GeForce RTX 2070 SUPER
[2022.07.04-10.04.28:926][  0]LogD3D11RHI:   Driver Version: 471.68 (internal:30.0.14.7168, unified:471.68)
[2022.07.04-10.04.28:926][  0]LogD3D11RHI:      Driver Date: 8-5-2021
[2022.07.04-10.04.28:926][  0]LogRHI: Texture pool is 5607 MB (70% of 8011 MB)
[2022.07.04-10.04.28:926][  0]LogD3D11RHI: Creating D3DDevice using adapter:
[2022.07.04-10.04.28:926][  0]LogD3D11RHI:     Description : NVIDIA GeForce RTX 2070 SUPER
[2022.07.04-10.04.28:926][  0]LogD3D11RHI:     VendorId    : 10de
[2022.07.04-10.04.28:926][  0]LogD3D11RHI:     DeviceId    : 1e84
[2022.07.04-10.04.28:926][  0]LogD3D11RHI:     SubSysId    : 133d196e
[2022.07.04-10.04.28:926][  0]LogD3D11RHI:     Revision    : 00a1
[2022.07.04-10.04.28:926][  0]LogD3D11RHI:     DedicatedVideoMemory : 8400142336 bytes
[2022.07.04-10.04.28:926][  0]LogD3D11RHI:     DedicatedSystemMemory : 0 bytes
[2022.07.04-10.04.28:926][  0]LogD3D11RHI:     SharedSystemMemory : 17077747712 bytes
[2022.07.04-10.04.28:926][  0]LogD3D11RHI:     AdapterLuid : 0 57219
[2022.07.04-10.04.29:005][  0]LogD3D11RHI: RHI has support for 64 bit atomics
[2022.07.04-10.04.29:005][  0]LogD3D11RHI: Async texture creation enabled
[2022.07.04-10.04.29:005][  0]LogD3D11RHI: Array index from any shader is supported
[2022.07.04-10.04.29:019][  0]LogD3D11RHI: GPU Timing Frequency: 1000.000000 (Debug: 2 1)
[2022.07.04-10.04.29:100][  0]LogRHI: GeForceNow SDK initialized: 1
[2022.07.04-10.04.29:365][  0]LogTargetPlatformManager: Display: Loaded TargetPlatform 'AllDesktop'
[2022.07.04-10.04.29:396][  0]LogTargetPlatformManager: Display: Loaded TargetPlatform 'Android'
[2022.07.04-10.04.29:396][  0]LogTargetPlatformManager: Display: Loaded TargetPlatform 'Android_ASTC'
[2022.07.04-10.04.29:396][  0]LogTargetPlatformManager: Display: Loaded TargetPlatform 'Android_DXT'
[2022.07.04-10.04.29:396][  0]LogTargetPlatformManager: Display: Loaded TargetPlatform 'Android_ETC2'
[2022.07.04-10.04.29:396][  0]LogTargetPlatformManager: Display: Loaded TargetPlatform 'AndroidClient'
[2022.07.04-10.04.29:396][  0]LogTargetPlatformManager: Display: Loaded TargetPlatform 'Android_ASTCClient'
[2022.07.04-10.04.29:396][  0]LogTargetPlatformManager: Display: Loaded TargetPlatform 'Android_DXTClient'
[2022.07.04-10.04.29:396][  0]LogTargetPlatformManager: Display: Loaded TargetPlatform 'Android_ETC2Client'
[2022.07.04-10.04.29:396][  0]LogTargetPlatformManager: Display: Loaded TargetPlatform 'Android_Multi'
[2022.07.04-10.04.29:396][  0]LogTargetPlatformManager: Display: Loaded TargetPlatform 'Android_MultiClient'
[2022.07.04-10.04.29:454][  0]LogTargetPlatformManager: Display: Loaded TargetPlatform 'IOSClient'
[2022.07.04-10.04.29:454][  0]LogTargetPlatformManager: Display: Loaded TargetPlatform 'IOS'
[2022.07.04-10.04.29:482][  0]LogTargetPlatformManager: Display: Loaded TargetPlatform 'Linux'
[2022.07.04-10.04.29:499][  0]LogTargetPlatformManager: Display: Loaded TargetPlatform 'LinuxNoEditor'
[2022.07.04-10.04.29:516][  0]LogTargetPlatformManager: Display: Loaded TargetPlatform 'LinuxClient'
[2022.07.04-10.04.29:534][  0]LogTargetPlatformManager: Display: Loaded TargetPlatform 'LinuxServer'
[2022.07.04-10.04.29:559][  0]LogTargetPlatformManager: Display: Loaded TargetPlatform 'LinuxAArch64NoEditor'
[2022.07.04-10.04.29:577][  0]LogTargetPlatformManager: Display: Loaded TargetPlatform 'LinuxAArch64Client'
[2022.07.04-10.04.29:593][  0]LogTargetPlatformManager: Display: Loaded TargetPlatform 'LinuxAArch64Server'
[2022.07.04-10.04.29:631][  0]LogTargetPlatformManager: Display: Loaded TargetPlatform 'Lumin'
[2022.07.04-10.04.29:631][  0]LogTargetPlatformManager: Display: Loaded TargetPlatform 'LuminClient'
[2022.07.04-10.04.29:659][  0]LogTargetPlatformManager: Display: Loaded TargetPlatform 'MacNoEditor'
[2022.07.04-10.04.29:678][  0]LogTargetPlatformManager: Display: Loaded TargetPlatform 'Mac'
[2022.07.04-10.04.29:696][  0]LogTargetPlatformManager: Display: Loaded TargetPlatform 'MacClient'
[2022.07.04-10.04.29:714][  0]LogTargetPlatformManager: Display: Loaded TargetPlatform 'MacServer'
[2022.07.04-10.04.29:736][  0]LogTargetPlatformManager: Display: Loaded TargetPlatform 'TVOSClient'
[2022.07.04-10.04.29:736][  0]LogTargetPlatformManager: Display: Loaded TargetPlatform 'TVOS'
[2022.07.04-10.04.29:757][  0]LogTargetPlatformManager: Display: Loaded TargetPlatform 'WindowsNoEditor'
[2022.07.04-10.04.29:777][  0]LogTargetPlatformManager: Display: Loaded TargetPlatform 'Windows'
[2022.07.04-10.04.29:797][  0]LogTargetPlatformManager: Display: Loaded TargetPlatform 'WindowsClient'
[2022.07.04-10.04.29:817][  0]LogTargetPlatformManager: Display: Loaded TargetPlatform 'WindowsServer'
[2022.07.04-10.04.29:817][  0]LogTargetPlatformManager: Display: Building Assets For Windows
[2022.07.04-10.04.29:890][  0]LogAudioDebug: Display: Lib vorbis DLL was dynamically loaded.
[2022.07.04-10.04.30:165][  0]LogTextureFormatOodle: Display: Oodle Texture 2.9.0 init RDO Off
[2022.07.04-10.04.30:574][  0]LogRendererCore: Ray tracing is disabled. Reason: r.RayTracing=0.
[2022.07.04-10.04.30:575][  0]LogShaderCompilers: Guid format shader working directory is 15 characters bigger than the processId version (E:/Game Jam/Game/GamJam22/GameJam/Intermediate/Shaders/WorkingDirectory/19376/).
[2022.07.04-10.04.30:575][  0]LogShaderCompilers: Cleaned the shader compiler working directory 'C:/Users/up889272/AppData/Local/Temp/UnrealShaderWorkingDir/46EB00A14FA9402ED45C649A26BFC340/'.
[2022.07.04-10.04.30:577][  0]LogShaderCompilers: Display: Using XGE Controller for Shader Compilation.
[2022.07.04-10.04.33:415][  0]LogDerivedDataCache: Display: Max Cache Size: 512 MB
[2022.07.04-10.04.33:465][  0]LogDerivedDataCache: Loaded boot cache 0.05s 96MB C:/Users/up889272/AppData/Local/UnrealEngine/4.27/DerivedDataCache/Boot.ddc.
[2022.07.04-10.04.33:465][  0]LogDerivedDataCache: Display: Loaded Boot cache: C:/Users/up889272/AppData/Local/UnrealEngine/4.27/DerivedDataCache/Boot.ddc
[2022.07.04-10.04.33:465][  0]LogDerivedDataCache: FDerivedDataBackendGraph:  Pak pak cache file E:/Game Jam/Game/GamJam22/GameJam/DerivedDataCache/DDC.ddp not found, will not use a pak cache.
[2022.07.04-10.04.33:465][  0]LogDerivedDataCache: Unable to find inner node Pak for hierarchical cache Hierarchy.
[2022.07.04-10.04.33:466][  0]LogDerivedDataCache: FDerivedDataBackendGraph:  CompressedPak pak cache file E:/Game Jam/Game/GamJam22/GameJam/DerivedDataCache/Compressed.ddp not found, will not use a pak cache.
[2022.07.04-10.04.33:466][  0]LogDerivedDataCache: Unable to find inner node CompressedPak for hierarchical cache Hierarchy.
[2022.07.04-10.04.33:487][  0]LogDerivedDataCache: Display: Pak cache opened for reading ../../../Engine/DerivedDataCache/Compressed.ddp.
[2022.07.04-10.04.33:487][  0]LogDerivedDataCache: FDerivedDataBackendGraph:  EnterprisePak pak cache file ../../../Enterprise/DerivedDataCache/Compressed.ddp not found, will not use a pak cache.
[2022.07.04-10.04.33:487][  0]LogDerivedDataCache: Unable to find inner node EnterprisePak for hierarchical cache Hierarchy.
[2022.07.04-10.04.33:530][  0]LogDerivedDataCache: Speed tests for C:/Users/up889272/AppData/Local/UnrealEngine/Common/DerivedDataCache took 0.04 seconds
[2022.07.04-10.04.33:531][  0]LogDerivedDataCache: Display: Performance to C:/Users/up889272/AppData/Local/UnrealEngine/Common/DerivedDataCache: Latency=0.03ms. RandomReadSpeed=25.44MBs, RandomWriteSpeed=148.82MBs. Assigned SpeedClass 'Local'
[2022.07.04-10.04.33:535][  0]LogDerivedDataCache: Using Local data cache path C:/Users/up889272/AppData/Local/UnrealEngine/Common/DerivedDataCache: Writable
[2022.07.04-10.04.33:536][  0]LogDerivedDataCache: Shared data cache path not found in *engine.ini, will not use an Shared cache.
[2022.07.04-10.04.33:536][  0]LogDerivedDataCache: Unable to find inner node Shared for hierarchical cache Hierarchy.
[2022.07.04-10.04.33:574][  0]LogSlate: Using FreeType 2.10.0
[2022.07.04-10.04.33:586][  0]LogSlate: SlateFontServices - WITH_FREETYPE: 1, WITH_HARFBUZZ: 1
[2022.07.04-10.04.33:740][  0]LogAssetRegistry: FAssetRegistry took 0.0035 seconds to start up
[2022.07.04-10.04.33:922][  0]LogInit: Selected Device Profile: [Windows]
[2022.07.04-10.04.33:922][  0]LogInit: Active device profile: [000001B251E43A00][000001B2518AEE80 49] Windows
[2022.07.04-10.04.33:922][  0]LogInit: Profiles: [000001B251E43A00][000001B2518AEE80 49] Windows, [000001B251DE0700][000001B2518C3000 49] WindowsNoEditor, [000001B251E40700][000001B24ABA3180 49] WindowsServer, [000001B251DE3500][000001B2529E3300 49] WindowsClient, [000001B251E43400][000001B24FC39480 49] IOS, [000001B251DE0F00][000001B24FC3D600 49] iPadAir, [000001B251E40E00][000001B24FC41780 49] iPadAir2, [000001B252EE4600][000001B24FC4DA40 49] IPadPro, [000001B252EE4700][000001B24FC45A80 49] iPadAir3, [000001B251E42F00][000001B24FC55C00 49] iPadAir4, [000001B252EE7800][000001B24FC58200 49] iPadMini2, [000001B251E41100][000001B24FC82380 49] iPadMini3, [000001B252EE5700][000001B24FC86500 49] iPadMini4, [000001B251E42900][000001B2518B2640 49] iPadMini5, [000001B252EDBE00][000001B24A80A880 49] iPhone6, [000001B252EDBF00][000001B24A7F08C0 49] iPodTouch6, [000001B251DE3400][000001B24A816B80 49] iPhone7, [000001B251DE2E00][000001B24A812BC0 49] iPodTouch7, [000001B252ED8C00][000001B24A81AD40 49] iPhone5S, [000001B251DE0C00][000001B24A81EEC0 49] iPhone6Plus, [000001B252EDAF00][000001B24A823040 49] iPhone6S, [000001B251DE0100][000001B24A8271C0 49] iPhone6SPlus, [000001B252ED9200][000001B252CDD340 49] iPhone7Plus, [000001B251DE2000][000001B24D5B54C0 49] iPhoneSE, [000001B252EDA900][000001B24D5B9640 49] iPhone8, [000001B251DE1C00][000001B24D5BD7C0 49] iPhone8Plus, [000001B252ED9800][000001B252CE1940 49] iPhoneX, [000001B251DE0900][000001B252CE5AC0 49] iPhoneXS, [000001B252EDBD00][000001B252CE80C0 49] iPhoneXSMax, [000001B251DE1800][000001B252CEC240 49] iPhoneXR, [000001B252EDB200][000001B24FD583C0 49] iPhone11, [000001B251DE2B00][000001B2540F8540 49] iPhone11Pro, [000001B252EDB400][000001B2540FC6C0 49] iPhone11ProMax, [000001B251DE2500][000001B24A80E800 49] iPhoneSE2, [000001B252ED9600][000001B25295C940 49] iPhone12Mini, [000001B251DE0E00][000001B252964A80 49] iPhone12, [000001B252EDBC00][000001B252972BC0 49] iPhone12Pro, [000001B251DE1300][000001B25297AD40 49] iPhone12ProMax, [000001B252EDBB00][000001B25297EEC0 49] iPadPro105, [000001B251DE1500][000001B252983040 49] iPadPro129, [000001B252ED9100][000001B2529871C0 49] iPadPro97, [000001B251DE3C00][000001B25298B340 49] iPadPro2_129, [000001B252EDA700][000001B25298F4C0 49] iPad5, [000001B251DE1400][000001B2529A7640 49] iPad6, [000001B252EDAA00][000001B24D5757C0 49] iPad7, [000001B251DE0800][000001B2529D7940 49] iPad8, [000001B252ED8500][000001B24D579AC0 49] iPadPro11, [000001B251DE2900][000001B24D57C0C0 49] iPadPro2_11, [000001B252ED8700][000001B24D584240 49] iPadPro3_129, [000001B251DE3900][000001B24FD0C3C0 49] iPadPro4_129, [000001B252EDA800][000001B24FD3C540 49] AppleTV, [000001B251DE2100][000001B252BCE6C0 49] AppleTV4K, [000001B252ED8100][000001B252CBC840 49] TVOS, [000001B251DE0400][000001B252976980 49] Mac, [000001B252EDB600][000001B252CC0AC0 49] MacClient, [000001B251DE3A00][000001B252CCEC00 49] MacNoEditor, [000001B252ED9500][000001B252CD2D40 49] MacServer, [000001B251DE3000][000001B252934EC0 49] Linux, [000001B252ED9900][000001B252939040 49] LinuxAArch64, [000001B251DE0D00][000001B25293D1C0 49] LinuxNoEditor, [000001B252EDA200][000001B252941340 49] LinuxAArch64NoEditor, [000001B251DE2600][000001B2529454C0 49] LinuxClient, [000001B252EDA600][000001B252949640 49] LinuxAArch64Client, [000001B251DE2400][000001B25294D7C0 49] LinuxServer, [000001B252EDB000][000001B252951940 49] LinuxAArch64Server, [000001B251DE3600][000001B252955AC0 49] Android, [000001B252EDBA00][000001B24FD380C0 49] Android_Low, [000001B251E41300][000001B24D580240 49] Android_Mid, [000001B251E7DF00][000001B2529583C0 49] Android_High, [000001B251E43E00][000001B2540A2540 49] Android_Default, [000001B251E7C100][000001B2540A66C0 49] Android_Adreno4xx, [000001B251E41E00][000001B2540AA840 49] Android_Adreno5xx_Low, [000001B251E7D100][000001B2540AE9C0 49] Android_Adreno5xx, [000001B251E43200][000001B2540B2B40 49] Android_Adreno6xx, [000001B251E7D600][000001B252CD6C80 49] Android_Adreno6xx_Vulkan, [000001B251E43C00][000001B2540B6DC0 49] Android_Mali_T6xx, [000001B251E7C800][000001B2540BAF00 49] Android_Mali_T7xx, [000001B251E43700][000001B2540C3080 49] Android_Mali_T8xx, [000001B251E7E500][000001B2540C7200 49] Android_Mali_G71, [000001B251E40900][000001B2540CB380 49] Android_Mali_G72, [000001B251E7D400][000001B2540CF500 49] Android_Mali_G72_Vulkan, [000001B251E41B00][000001B252BD3680 49] Android_Mali_G76, [000001B251E7CC00][000001B252BD7800 49] Android_Mali_G76_Vulkan, [000001B251E41000][000001B252BDB980 49] Android_Mali_G77, [000001B251E7C700][000001B252BDFB00 49] Android_Mali_G77_Vulkan, [000001B251E42600][000001B252BE2100 49] Android_Mali_G78, [000001B252EDAD00][000001B252BE6280 49] Android_Mali_G78_Vulkan, [000001B251E42B00][000001B252BEA400 49] Android_Mali_G710, [000001B252EDA400][000001B252BEE580 49] Android_Mali_G710_Vulkan, [000001B251E43100][000001B252BF2700 49] Android_Vulkan_SM5, [000001B252ED8D00][000001B252BF6880 49] Android_PowerVR_G6xxx, [000001B251E43F00][000001B252BFAA00 49] Android_PowerVR_GT7xxx, [000001B252ED9D00][000001B252BFEB80 49] Android_PowerVR_GE8xxx, [000001B251E42700][000001B252C02D00 49] Android_PowerVR_GM9xxx, [000001B252ED8900][000001B2540BEE40 49] Android_PowerVR_GM9xxx_Vulkan, [000001B251E42D00][000001B252C06F80 49] Android_TegraK1, [000001B252EDB300][000001B252C0B0C0 49] Android_Unknown_Vulkan, [000001B251E41600][000001B252C13240 49] Lumin, [000001B252EDB700][000001B252C173C0 49] Lumin_Desktop, [000001B251E43D00][000001B252C1B540 49] HoloLens, 
[2022.07.04-10.04.35:056][  0]LogMeshReduction: Using QuadricMeshReduction for automatic static mesh reduction
[2022.07.04-10.04.35:057][  0]LogMeshReduction: Using SimplygonMeshReduction for automatic skeletal mesh reduction
[2022.07.04-10.04.35:057][  0]LogMeshReduction: Using ProxyLODMeshReduction for automatic mesh merging
[2022.07.04-10.04.35:057][  0]LogMeshReduction: No distributed automatic mesh merging module available
[2022.07.04-10.04.35:057][  0]LogMeshMerging: No distributed automatic mesh merging module available
[2022.07.04-10.04.35:115][  0]LogNetVersion: GameJam 1.0.0, NetCL: 17155196, EngineNetVer: 17, GameNetVer: 0 (Checksum: 483881507)
[2022.07.04-10.04.37:063][  0]LogTexture: Default maximum texture size for cubemaps generated from long-lat sources has been changed from 512 to unlimited. In order to preserve old behaiour for '/Engine/MapTemplates/Sky/DaylightAmbientCubemap.DaylightAmbientCubemap', its maximum texture size has been explicitly set to 512.
[2022.07.04-10.04.37:158][  0]LogHMD: PokeAHoleMaterial loaded successfully
[2022.07.04-10.04.37:164][  0]LogUObjectArray: 17178 objects as part of root set at end of initial load.
[2022.07.04-10.04.37:164][  0]LogUObjectAllocator: 4302048 out of 0 bytes used by permanent object pool.
[2022.07.04-10.04.37:164][  0]LogUObjectArray: CloseDisregardForGC: 0/0 objects in disregard for GC pool
[2022.07.04-10.04.38:548][  0]LogNiagaraDebuggerClient: Niagara Debugger Client Initialized | Session: EA63BF554DCA9D4F700D2E8EE3B32738 | Instance: E801CB344B7F8375743BEF85514D9E58 (W0DEL-1-125A-04-19376).
[2022.07.04-10.04.39:015][  0]LogTcpMessaging: Initializing TcpMessaging bridge
[2022.07.04-10.04.39:038][  0]LogUdpMessaging: Initializing bridge on interface 0.0.0.0:0 to multicast group 230.0.0.1:6666.
[2022.07.04-10.04.39:111][  0]LogPython: Using Python 3.7.7
[2022.07.04-10.04.40:863][  0]SourceControl: Source control is disabled
[2022.07.04-10.04.40:864][  0]SourceControl: Source control is disabled
[2022.07.04-10.04.40:882][  0]SourceControl: Source control is disabled
[2022.07.04-10.04.40:903][  0]SourceControl: Source control is disabled
[2022.07.04-10.04.40:960][  0]SourceControl: Source control is disabled
[2022.07.04-10.04.41:017][  0]LogUProjectInfo: Found projects:
[2022.07.04-10.04.42:041][  0]LogOpenImageDenoise: OIDN starting up
[2022.07.04-10.04.42:146][  0]LogAndroidPermission: UAndroidPermissionCallbackProxy::GetInstance
[2022.07.04-10.04.42:256][  0]LogAudioCaptureCore: Display: No Audio Capture implementations found. Audio input will be silent.
[2022.07.04-10.04.42:256][  0]LogAudioCaptureCore: Display: No Audio Capture implementations found. Audio input will be silent.
[2022.07.04-10.04.42:752][  0]LogCollectionManager: Loaded 0 collections in 0.000507 seconds
[2022.07.04-10.04.42:837][  0]LogFileCache: Scanning file cache for directory 'E:/Game Jam/Game/GamJam22/GameJam/Saved/Collections/' took 0.00s
[2022.07.04-10.04.42:837][  0]LogFileCache: Scanning file cache for directory 'E:/Game Jam/Game/GamJam22/GameJam/Content/Developers/up889272/Collections/' took 0.00s
[2022.07.04-10.04.42:837][  0]LogFileCache: Scanning file cache for directory 'E:/Game Jam/Game/GamJam22/GameJam/Content/Collections/' took 0.00s
[2022.07.04-10.04.42:837][  0]LogOcInput: OculusInput pre-init called
[2022.07.04-10.04.43:177][  0]LogEngine: Initializing Engine...
[2022.07.04-10.04.43:227][  0]LogHMD: Failed to enumerate extensions. Please check that you have a valid OpenXR runtime installed.
[2022.07.04-10.04.43:228][  0]LogHMD: Failed to initialize OpenVR with code 110
[2022.07.04-10.04.43:228][  0]LogMagicLeap: Warning: VR disabled because ZI is not enabled.  To enable, in the editor, Edit -> Project Settings -> Plugins -> Magic Leap Plugin -> Enable Zero Iteration
[2022.07.04-10.04.43:229][  0]LogStats: UGameplayTagsManager::InitializeManager -  0.000 s
[2022.07.04-10.04.43:459][  0]LogInit: Initializing FReadOnlyCVARCache
[2022.07.04-10.04.43:481][  0]LogAIModule: Creating AISystem for world Untitled
[2022.07.04-10.04.43:482][  0]LogAudio: Display: Initializing Audio Device Manager...
[2022.07.04-10.04.43:499][  0]LogAudio: Display: Loading Default Audio Settings Objects...
[2022.07.04-10.04.43:503][  0]LogAudio: Display: No default SoundConcurrencyObject specified (or failed to load).
[2022.07.04-10.04.43:504][  0]LogAudio: Display: Audio Device Manager Initialized
[2022.07.04-10.04.43:504][  0]LogAudio: Display: Creating Audio Device:                 Id: 1, Scope: Shared, Realtime: True
[2022.07.04-10.04.43:504][  0]LogAudioMixer: Display: Audio Mixer Platform Settings:
[2022.07.04-10.04.43:504][  0]LogAudioMixer: Display: 	Sample Rate:						  48000
[2022.07.04-10.04.43:504][  0]LogAudioMixer: Display: 	Callback Buffer Frame Size Requested: 1024
[2022.07.04-10.04.43:505][  0]LogAudioMixer: Display: 	Callback Buffer Frame Size To Use:	  1024
[2022.07.04-10.04.43:505][  0]LogAudioMixer: Display: 	Number of buffers to queue:			  2
[2022.07.04-10.04.43:505][  0]LogAudioMixer: Display: 	Max Channels (voices):				  32
[2022.07.04-10.04.43:505][  0]LogAudioMixer: Display: 	Number of Async Source Workers:		  0
[2022.07.04-10.04.43:505][  0]LogAudio: Display: AudioDevice MaxSources: 32
[2022.07.04-10.04.43:505][  0]LogAudio: Display: Audio Spatialization Plugin: None (built-in).
[2022.07.04-10.04.43:505][  0]LogAudio: Display: Audio Reverb Plugin: None (built-in).
[2022.07.04-10.04.43:505][  0]LogAudio: Display: Audio Occlusion Plugin: None (built-in).
[2022.07.04-10.04.43:505][  0]LogAudioMixer: Display: Initializing audio mixer.
[2022.07.04-10.04.43:560][  0]LogAudioMixer: Display: 0: FrontLeft
[2022.07.04-10.04.43:560][  0]LogAudioMixer: Display: 1: FrontRight
[2022.07.04-10.04.43:590][  0]LogAudioMixer: Display: Using Audio Device PLE2483H-DP (NVIDIA High Definition Audio)
[2022.07.04-10.04.43:590][  0]LogAudioMixer: Display: Initializing Sound Submixes...
[2022.07.04-10.04.43:607][  0]LogAudioMixer: Display: Creating Master Submix 'MasterSubmixDefault'
[2022.07.04-10.04.43:607][  0]LogAudioMixer: Display: Creating Master Submix 'MasterReverbSubmixDefault'
[2022.07.04-10.04.43:608][  0]LogAudioMixer: Display: Creating Master Submix 'MasterEQSubmixDefault'
[2022.07.04-10.04.43:608][  0]LogAudioMixer: FMixerPlatformXAudio2::StartAudioStream() called
[2022.07.04-10.04.43:608][  0]LogAudioMixer: Display: Output buffers initialized: Frames=1024, Channels=2, Samples=2048
[2022.07.04-10.04.43:610][  0]LogAudioMixer: Display: Starting AudioMixerPlatformInterface::RunInternal()
[2022.07.04-10.04.43:610][  0]LogAudioMixer: Display: FMixerPlatformXAudio2::SubmitBuffer() called for the first time
[2022.07.04-10.04.43:611][  0]LogInit: FAudioDevice initialized.
[2022.07.04-10.04.43:611][  0]LogAudio: Display: Audio Device (ID: 1) registered with world 'Untitled'.
[2022.07.04-10.04.43:611][  0]LogNetVersion: Set ProjectVersion to 1.0.0.0. Version Checksum will be recalculated on next use.
[2022.07.04-10.04.43:660][  0]LogDerivedDataCache: Saved boot cache 0.05s 96MB C:/Users/up889272/AppData/Local/UnrealEngine/4.27/DerivedDataCache/Boot.ddc.
[2022.07.04-10.04.43:660][  0]LogInit: Texture streaming: Enabled
[2022.07.04-10.04.43:713][  0]LogAnalytics: Display: [UEEditor.Rocket.Release] APIServer = https://datarouter.ol.epicgames.com/. AppVersion = 4.27.2-18319896+++UE4+Release-4.27
[2022.07.04-10.04.43:729][  0]LogEngineSessionManager: EngineSessionManager initialized
[2022.07.04-10.04.43:729][  0]LogEditorSessionSummary: Verbose: Initializing EditorSessionSummaryWriter for editor session tracking
[2022.07.04-10.04.43:731][  0]LogEditorSessionSummary: EditorSessionSummaryWriter initialized
[2022.07.04-10.04.44:447][  0]LogInit: Transaction tracking system initialized
[2022.07.04-10.04.44:559][  0]BlueprintLog: New page: Editor Load
[2022.07.04-10.04.45:025][  0]LocalizationService: Localization service is disabled
[2022.07.04-10.04.45:178][  0]TimingProfiler: Initialize
[2022.07.04-10.04.45:179][  0]TimingProfiler: OnSessionChanged
[2022.07.04-10.04.45:179][  0]LoadingProfiler: Initialize
[2022.07.04-10.04.45:179][  0]LoadingProfiler: OnSessionChanged
[2022.07.04-10.04.45:179][  0]NetworkingProfiler: Initialize
[2022.07.04-10.04.45:179][  0]NetworkingProfiler: OnSessionChanged
[2022.07.04-10.04.45:179][  0]MemoryProfiler: Initialize
[2022.07.04-10.04.45:179][  0]MemoryProfiler: OnSessionChanged
[2022.07.04-10.04.45:869][  0]LogCook: Display: CookSettings for Memory: MemoryMaxUsedVirtual 0MiB, MemoryMaxUsedPhysical 16384MiB, MemoryMinFreeVirtual 0MiB, MemoryMinFreePhysical 1024MiB
[2022.07.04-10.04.45:869][  0]LogCook: Display: Mobile HDR setting 1
[2022.07.04-10.04.46:668][  0]LogFileCache: Scanning file cache for directory 'E:/Game Jam/Game/GamJam22/GameJam/Content/' took 0.01s
[2022.07.04-10.04.46:852][  0]LogInit: Display: Engine is initialized. Leaving FEngineLoop::Init()
[2022.07.04-10.04.46:854][  0]SourceControl: Source control is disabled
[2022.07.04-10.04.46:854][  0]LogUnrealEdMisc: Loading editor; pre map load, took 26.685
[2022.07.04-10.04.46:855][  0]Cmd: MAP LOAD FILE="../../../Engine/Content/Maps/Templates/Template_Default.umap" TEMPLATE=1 SHOWPROGRESS=1 FEATURELEVEL=3
[2022.07.04-10.04.46:859][  0]LightingResults: New page: Lighting Build
[2022.07.04-10.04.46:860][  0]LogWorld: UWorld::CleanupWorld for Untitled, bSessionEnded=true, bCleanupResources=true
[2022.07.04-10.04.46:860][  0]LogSlate: InvalidateAllWidgets triggered.  All widgets were invalidated
[2022.07.04-10.04.46:860][  0]MapCheck: New page: Map Check
[2022.07.04-10.04.46:860][  0]LightingResults: New page: Lighting Build
[2022.07.04-10.04.46:863][  0]LogAudio: Display: Audio Device unregistered from world 'None'.
[2022.07.04-10.04.46:866][  0]LogUObjectHash: Compacting FUObjectHashTables data took   0.60ms
[2022.07.04-10.04.46:951][  0]LogTexture: Display: Building textures: DeprecatedTextureEB9CBE3C423008B5E8E130901E171C89 (BGRA8, 128X128)
[2022.07.04-10.04.46:957][  0]LogAudio: Display: Audio Device (ID: 1) registered with world 'Untitled_1'.
[2022.07.04-10.04.46:958][  0]LogAIModule: Creating AISystem for world Untitled_1
[2022.07.04-10.04.46:971][  0]LogEditorServer: Finished looking for orphan Actors (0.000 secs)
[2022.07.04-10.04.46:976][  0]LogUObjectHash: Compacting FUObjectHashTables data took   0.70ms
[2022.07.04-10.04.46:976][  0]Cmd: MAP CHECKDEP NOCLEARLOG
[2022.07.04-10.04.46:977][  0]MapCheck: Map check complete: 0 Error(s), 0 Warning(s), took 0.133ms to complete.
[2022.07.04-10.04.46:977][  0]LogFileHelpers: Loading map 'Template_Default' took 0.123
[2022.07.04-10.04.46:979][  0]LogUnrealEdMisc: Total Editor Startup Time, took 26.810
[2022.07.04-10.04.47:292][  0]LogSlate: Updating window title bar state: overlay mode, drag disabled, window buttons hidden, title bar hidden
[2022.07.04-10.04.47:297][  0]LogSlate: Updating window title bar state: overlay mode, drag disabled, window buttons hidden, title bar hidden
[2022.07.04-10.04.47:301][  0]LogSlate: Updating window title bar state: overlay mode, drag disabled, window buttons hidden, title bar hidden
[2022.07.04-10.04.47:306][  0]LogSlate: Updating window title bar state: overlay mode, drag disabled, window buttons hidden, title bar hidden
[2022.07.04-10.04.47:321][  0]LogNativeClassHierarchy: Verbose: Native class hierarchy populated in 0.0076 seconds. Added 3823 classes and 930 folders.
[2022.07.04-10.04.47:323][  0]LogNativeClassHierarchy: Verbose: Native class hierarchy updated for 'WidgetCarousel' in 0.0002 seconds. Added 0 classes and 0 folders.
[2022.07.04-10.04.47:335][  0]LogPakFile: PakFile PrimaryIndexSize=187
[2022.07.04-10.04.47:335][  0]LogPakFile: PakFile PathHashIndexSize=101
[2022.07.04-10.04.47:335][  0]LogPakFile: PakFile FullDirectoryIndexSize=148
[2022.07.04-10.04.47:335][  0]LogShaderLibrary: Display: ShaderCodeLibraryPakFileMountedCallback: PakFile 'D:/Unreal/UE_4.27/FeaturePacks/FP_FirstPerson.upack' (chunk index -1, root 'root:/') mounted
[2022.07.04-10.04.47:335][  0]LogShaderLibrary: Display: ShaderCodeLibraryPakFileMountedCallback: pending pak file info (ChunkID:-1 Root:root:/ File:D:/Unreal/UE_4.27/FeaturePacks/FP_FirstPerson.upack)
[2022.07.04-10.04.47:335][  0]LogPakFile: OnPakFileMounted2Time == 0.000147
[2022.07.04-10.04.47:341][  0]LogPakFile: PakFile PrimaryIndexSize=189
[2022.07.04-10.04.47:341][  0]LogPakFile: PakFile PathHashIndexSize=101
[2022.07.04-10.04.47:341][  0]LogPakFile: PakFile FullDirectoryIndexSize=152
[2022.07.04-10.04.47:341][  0]LogShaderLibrary: Display: ShaderCodeLibraryPakFileMountedCallback: PakFile 'D:/Unreal/UE_4.27/FeaturePacks/FP_FirstPersonBP.upack' (chunk index -1, root 'root:/') mounted
[2022.07.04-10.04.47:342][  0]LogShaderLibrary: Display: ShaderCodeLibraryPakFileMountedCallback: pending pak file info (ChunkID:-1 Root:root:/ File:D:/Unreal/UE_4.27/FeaturePacks/FP_FirstPersonBP.upack)
[2022.07.04-10.04.47:342][  0]LogPakFile: OnPakFileMounted2Time == 0.000153
[2022.07.04-10.04.47:346][  0]LogPakFile: PakFile PrimaryIndexSize=191
[2022.07.04-10.04.47:346][  0]LogPakFile: PakFile PathHashIndexSize=101
[2022.07.04-10.04.47:346][  0]LogPakFile: PakFile FullDirectoryIndexSize=160
[2022.07.04-10.04.47:346][  0]LogShaderLibrary: Display: ShaderCodeLibraryPakFileMountedCallback: PakFile 'D:/Unreal/UE_4.27/FeaturePacks/MobileStarterContent.upack' (chunk index -1, root 'root:/') mounted
[2022.07.04-10.04.47:346][  0]LogShaderLibrary: Display: ShaderCodeLibraryPakFileMountedCallback: pending pak file info (ChunkID:-1 Root:root:/ File:D:/Unreal/UE_4.27/FeaturePacks/MobileStarterContent.upack)
[2022.07.04-10.04.47:346][  0]LogPakFile: OnPakFileMounted2Time == 0.000177
[2022.07.04-10.04.47:351][  0]LogPakFile: PakFile PrimaryIndexSize=185
[2022.07.04-10.04.47:351][  0]LogPakFile: PakFile PathHashIndexSize=101
[2022.07.04-10.04.47:351][  0]LogPakFile: PakFile FullDirectoryIndexSize=148
[2022.07.04-10.04.47:351][  0]LogShaderLibrary: Display: ShaderCodeLibraryPakFileMountedCallback: PakFile 'D:/Unreal/UE_4.27/FeaturePacks/StarterContent.upack' (chunk index -1, root 'root:/') mounted
[2022.07.04-10.04.47:351][  0]LogShaderLibrary: Display: ShaderCodeLibraryPakFileMountedCallback: pending pak file info (ChunkID:-1 Root:root:/ File:D:/Unreal/UE_4.27/FeaturePacks/StarterContent.upack)
[2022.07.04-10.04.47:351][  0]LogPakFile: OnPakFileMounted2Time == 0.000149
[2022.07.04-10.04.47:356][  0]LogPakFile: PakFile PrimaryIndexSize=190
[2022.07.04-10.04.47:356][  0]LogPakFile: PakFile PathHashIndexSize=101
[2022.07.04-10.04.47:356][  0]LogPakFile: PakFile FullDirectoryIndexSize=154
[2022.07.04-10.04.47:356][  0]LogShaderLibrary: Display: ShaderCodeLibraryPakFileMountedCallback: PakFile 'D:/Unreal/UE_4.27/FeaturePacks/TP_2DSideScroller.upack' (chunk index -1, root 'root:/') mounted
[2022.07.04-10.04.47:356][  0]LogShaderLibrary: Display: ShaderCodeLibraryPakFileMountedCallback: pending pak file info (ChunkID:-1 Root:root:/ File:D:/Unreal/UE_4.27/FeaturePacks/TP_2DSideScroller.upack)
[2022.07.04-10.04.47:356][  0]LogPakFile: OnPakFileMounted2Time == 0.000210
[2022.07.04-10.04.47:360][  0]LogPakFile: PakFile PrimaryIndexSize=192
[2022.07.04-10.04.47:361][  0]LogPakFile: PakFile PathHashIndexSize=101
[2022.07.04-10.04.47:361][  0]LogPakFile: PakFile FullDirectoryIndexSize=158
[2022.07.04-10.04.47:361][  0]LogShaderLibrary: Display: ShaderCodeLibraryPakFileMountedCallback: PakFile 'D:/Unreal/UE_4.27/FeaturePacks/TP_2DSideScrollerBP.upack' (chunk index -1, root 'root:/') mounted
[2022.07.04-10.04.47:361][  0]LogShaderLibrary: Display: ShaderCodeLibraryPakFileMountedCallback: pending pak file info (ChunkID:-1 Root:root:/ File:D:/Unreal/UE_4.27/FeaturePacks/TP_2DSideScrollerBP.upack)
[2022.07.04-10.04.47:361][  0]LogPakFile: OnPakFileMounted2Time == 0.000206
[2022.07.04-10.04.47:365][  0]LogPakFile: PakFile PrimaryIndexSize=182
[2022.07.04-10.04.47:365][  0]LogPakFile: PakFile PathHashIndexSize=101
[2022.07.04-10.04.47:365][  0]LogPakFile: PakFile FullDirectoryIndexSize=138
[2022.07.04-10.04.47:365][  0]LogShaderLibrary: Display: ShaderCodeLibraryPakFileMountedCallback: PakFile 'D:/Unreal/UE_4.27/FeaturePacks/TP_Flying.upack' (chunk index -1, root 'root:/') mounted
[2022.07.04-10.04.47:365][  0]LogShaderLibrary: Display: ShaderCodeLibraryPakFileMountedCallback: pending pak file info (ChunkID:-1 Root:root:/ File:D:/Unreal/UE_4.27/FeaturePacks/TP_Flying.upack)
[2022.07.04-10.04.47:365][  0]LogPakFile: OnPakFileMounted2Time == 0.000097
[2022.07.04-10.04.47:370][  0]LogPakFile: PakFile PrimaryIndexSize=184
[2022.07.04-10.04.47:370][  0]LogPakFile: PakFile PathHashIndexSize=101
[2022.07.04-10.04.47:370][  0]LogPakFile: PakFile FullDirectoryIndexSize=142
[2022.07.04-10.04.47:370][  0]LogShaderLibrary: Display: ShaderCodeLibraryPakFileMountedCallback: PakFile 'D:/Unreal/UE_4.27/FeaturePacks/TP_FlyingBP.upack' (chunk index -1, root 'root:/') mounted
[2022.07.04-10.04.47:370][  0]LogShaderLibrary: Display: ShaderCodeLibraryPakFileMountedCallback: pending pak file info (ChunkID:-1 Root:root:/ File:D:/Unreal/UE_4.27/FeaturePacks/TP_FlyingBP.upack)
[2022.07.04-10.04.47:370][  0]LogPakFile: OnPakFileMounted2Time == 0.000080
[2022.07.04-10.04.47:375][  0]LogPakFile: PakFile PrimaryIndexSize=188
[2022.07.04-10.04.47:375][  0]LogPakFile: PakFile PathHashIndexSize=101
[2022.07.04-10.04.47:375][  0]LogPakFile: PakFile FullDirectoryIndexSize=150
[2022.07.04-10.04.47:375][  0]LogShaderLibrary: Display: ShaderCodeLibraryPakFileMountedCallback: PakFile 'D:/Unreal/UE_4.27/FeaturePacks/TP_HandheldARBP.upack' (chunk index -1, root 'root:/') mounted
[2022.07.04-10.04.47:375][  0]LogShaderLibrary: Display: ShaderCodeLibraryPakFileMountedCallback: pending pak file info (ChunkID:-1 Root:root:/ File:D:/Unreal/UE_4.27/FeaturePacks/TP_HandheldARBP.upack)
[2022.07.04-10.04.47:375][  0]LogPakFile: OnPakFileMounted2Time == 0.000195
[2022.07.04-10.04.47:380][  0]LogPakFile: PakFile PrimaryIndexSize=182
[2022.07.04-10.04.47:380][  0]LogPakFile: PakFile PathHashIndexSize=101
[2022.07.04-10.04.47:380][  0]LogPakFile: PakFile FullDirectoryIndexSize=138
[2022.07.04-10.04.47:380][  0]LogShaderLibrary: Display: ShaderCodeLibraryPakFileMountedCallback: PakFile 'D:/Unreal/UE_4.27/FeaturePacks/TP_Puzzle.upack' (chunk index -1, root 'root:/') mounted
[2022.07.04-10.04.47:380][  0]LogShaderLibrary: Display: ShaderCodeLibraryPakFileMountedCallback: pending pak file info (ChunkID:-1 Root:root:/ File:D:/Unreal/UE_4.27/FeaturePacks/TP_Puzzle.upack)
[2022.07.04-10.04.47:380][  0]LogPakFile: OnPakFileMounted2Time == 0.000161
[2022.07.04-10.04.47:385][  0]LogPakFile: PakFile PrimaryIndexSize=184
[2022.07.04-10.04.47:385][  0]LogPakFile: PakFile PathHashIndexSize=101
[2022.07.04-10.04.47:385][  0]LogPakFile: PakFile FullDirectoryIndexSize=142
[2022.07.04-10.04.47:385][  0]LogShaderLibrary: Display: ShaderCodeLibraryPakFileMountedCallback: PakFile 'D:/Unreal/UE_4.27/FeaturePacks/TP_PuzzleBP.upack' (chunk index -1, root 'root:/') mounted
[2022.07.04-10.04.47:385][  0]LogShaderLibrary: Display: ShaderCodeLibraryPakFileMountedCallback: pending pak file info (ChunkID:-1 Root:root:/ File:D:/Unreal/UE_4.27/FeaturePacks/TP_PuzzleBP.upack)
[2022.07.04-10.04.47:386][  0]LogPakFile: OnPakFileMounted2Time == 0.000129
[2022.07.04-10.04.47:390][  0]LogPakFile: PakFile PrimaryIndexSize=183
[2022.07.04-10.04.47:390][  0]LogPakFile: PakFile PathHashIndexSize=101
[2022.07.04-10.04.47:390][  0]LogPakFile: PakFile FullDirectoryIndexSize=140
[2022.07.04-10.04.47:390][  0]LogShaderLibrary: Display: ShaderCodeLibraryPakFileMountedCallback: PakFile 'D:/Unreal/UE_4.27/FeaturePacks/TP_Rolling.upack' (chunk index -1, root 'root:/') mounted
[2022.07.04-10.04.47:391][  0]LogShaderLibrary: Display: ShaderCodeLibraryPakFileMountedCallback: pending pak file info (ChunkID:-1 Root:root:/ File:D:/Unreal/UE_4.27/FeaturePacks/TP_Rolling.upack)
[2022.07.04-10.04.47:391][  0]LogPakFile: OnPakFileMounted2Time == 0.000241
[2022.07.04-10.04.47:395][  0]LogPakFile: PakFile PrimaryIndexSize=185
[2022.07.04-10.04.47:395][  0]LogPakFile: PakFile PathHashIndexSize=101
[2022.07.04-10.04.47:395][  0]LogPakFile: PakFile FullDirectoryIndexSize=144
[2022.07.04-10.04.47:395][  0]LogShaderLibrary: Display: ShaderCodeLibraryPakFileMountedCallback: PakFile 'D:/Unreal/UE_4.27/FeaturePacks/TP_RollingBP.upack' (chunk index -1, root 'root:/') mounted
[2022.07.04-10.04.47:395][  0]LogShaderLibrary: Display: ShaderCodeLibraryPakFileMountedCallback: pending pak file info (ChunkID:-1 Root:root:/ File:D:/Unreal/UE_4.27/FeaturePacks/TP_RollingBP.upack)
[2022.07.04-10.04.47:395][  0]LogPakFile: OnPakFileMounted2Time == 0.000150
[2022.07.04-10.04.47:399][  0]LogPakFile: PakFile PrimaryIndexSize=188
[2022.07.04-10.04.47:399][  0]LogPakFile: PakFile PathHashIndexSize=101
[2022.07.04-10.04.47:400][  0]LogPakFile: PakFile FullDirectoryIndexSize=150
[2022.07.04-10.04.47:400][  0]LogShaderLibrary: Display: ShaderCodeLibraryPakFileMountedCallback: PakFile 'D:/Unreal/UE_4.27/FeaturePacks/TP_SideScroller.upack' (chunk index -1, root 'root:/') mounted
[2022.07.04-10.04.47:400][  0]LogShaderLibrary: Display: ShaderCodeLibraryPakFileMountedCallback: pending pak file info (ChunkID:-1 Root:root:/ File:D:/Unreal/UE_4.27/FeaturePacks/TP_SideScroller.upack)
[2022.07.04-10.04.47:400][  0]LogPakFile: OnPakFileMounted2Time == 0.000173
[2022.07.04-10.04.47:404][  0]LogPakFile: PakFile PrimaryIndexSize=190
[2022.07.04-10.04.47:404][  0]LogPakFile: PakFile PathHashIndexSize=101
[2022.07.04-10.04.47:404][  0]LogPakFile: PakFile FullDirectoryIndexSize=154
[2022.07.04-10.04.47:404][  0]LogShaderLibrary: Display: ShaderCodeLibraryPakFileMountedCallback: PakFile 'D:/Unreal/UE_4.27/FeaturePacks/TP_SideScrollerBP.upack' (chunk index -1, root 'root:/') mounted
[2022.07.04-10.04.47:405][  0]LogShaderLibrary: Display: ShaderCodeLibraryPakFileMountedCallback: pending pak file info (ChunkID:-1 Root:root:/ File:D:/Unreal/UE_4.27/FeaturePacks/TP_SideScrollerBP.upack)
[2022.07.04-10.04.47:405][  0]LogPakFile: OnPakFileMounted2Time == 0.000148
[2022.07.04-10.04.47:409][  0]LogPakFile: PakFile PrimaryIndexSize=187
[2022.07.04-10.04.47:409][  0]LogPakFile: PakFile PathHashIndexSize=101
[2022.07.04-10.04.47:409][  0]LogPakFile: PakFile FullDirectoryIndexSize=148
[2022.07.04-10.04.47:409][  0]LogShaderLibrary: Display: ShaderCodeLibraryPakFileMountedCallback: PakFile 'D:/Unreal/UE_4.27/FeaturePacks/TP_ThirdPerson.upack' (chunk index -1, root 'root:/') mounted
[2022.07.04-10.04.47:409][  0]LogShaderLibrary: Display: ShaderCodeLibraryPakFileMountedCallback: pending pak file info (ChunkID:-1 Root:root:/ File:D:/Unreal/UE_4.27/FeaturePacks/TP_ThirdPerson.upack)
[2022.07.04-10.04.47:410][  0]LogPakFile: OnPakFileMounted2Time == 0.000248
[2022.07.04-10.04.47:414][  0]LogPakFile: PakFile PrimaryIndexSize=189
[2022.07.04-10.04.47:414][  0]LogPakFile: PakFile PathHashIndexSize=101
[2022.07.04-10.04.47:414][  0]LogPakFile: PakFile FullDirectoryIndexSize=152
[2022.07.04-10.04.47:414][  0]LogShaderLibrary: Display: ShaderCodeLibraryPakFileMountedCallback: PakFile 'D:/Unreal/UE_4.27/FeaturePacks/TP_ThirdPersonBP.upack' (chunk index -1, root 'root:/') mounted
[2022.07.04-10.04.47:414][  0]LogShaderLibrary: Display: ShaderCodeLibraryPakFileMountedCallback: pending pak file info (ChunkID:-1 Root:root:/ File:D:/Unreal/UE_4.27/FeaturePacks/TP_ThirdPersonBP.upack)
[2022.07.04-10.04.47:414][  0]LogPakFile: OnPakFileMounted2Time == 0.000231
[2022.07.04-10.04.47:419][  0]LogPakFile: PakFile PrimaryIndexSize=183
[2022.07.04-10.04.47:419][  0]LogPakFile: PakFile PathHashIndexSize=101
[2022.07.04-10.04.47:419][  0]LogPakFile: PakFile FullDirectoryIndexSize=140
[2022.07.04-10.04.47:419][  0]LogShaderLibrary: Display: ShaderCodeLibraryPakFileMountedCallback: PakFile 'D:/Unreal/UE_4.27/FeaturePacks/TP_TopDown.upack' (chunk index -1, root 'root:/') mounted
[2022.07.04-10.04.47:419][  0]LogShaderLibrary: Display: ShaderCodeLibraryPakFileMountedCallback: pending pak file info (ChunkID:-1 Root:root:/ File:D:/Unreal/UE_4.27/FeaturePacks/TP_TopDown.upack)
[2022.07.04-10.04.47:419][  0]LogPakFile: OnPakFileMounted2Time == 0.000095
[2022.07.04-10.04.47:424][  0]LogPakFile: PakFile PrimaryIndexSize=185
[2022.07.04-10.04.47:424][  0]LogPakFile: PakFile PathHashIndexSize=101
[2022.07.04-10.04.47:424][  0]LogPakFile: PakFile FullDirectoryIndexSize=144
[2022.07.04-10.04.47:424][  0]LogShaderLibrary: Display: ShaderCodeLibraryPakFileMountedCallback: PakFile 'D:/Unreal/UE_4.27/FeaturePacks/TP_TopDownBP.upack' (chunk index -1, root 'root:/') mounted
[2022.07.04-10.04.47:424][  0]LogShaderLibrary: Display: ShaderCodeLibraryPakFileMountedCallback: pending pak file info (ChunkID:-1 Root:root:/ File:D:/Unreal/UE_4.27/FeaturePacks/TP_TopDownBP.upack)
[2022.07.04-10.04.47:424][  0]LogPakFile: OnPakFileMounted2Time == 0.000201
[2022.07.04-10.04.47:431][  0]LogPakFile: PakFile PrimaryIndexSize=185
[2022.07.04-10.04.47:431][  0]LogPakFile: PakFile PathHashIndexSize=101
[2022.07.04-10.04.47:431][  0]LogPakFile: PakFile FullDirectoryIndexSize=144
[2022.07.04-10.04.47:431][  0]LogShaderLibrary: Display: ShaderCodeLibraryPakFileMountedCallback: PakFile 'D:/Unreal/UE_4.27/FeaturePacks/TP_TwinStick.upack' (chunk index -1, root 'root:/') mounted
[2022.07.04-10.04.47:432][  0]LogShaderLibrary: Display: ShaderCodeLibraryPakFileMountedCallback: pending pak file info (ChunkID:-1 Root:root:/ File:D:/Unreal/UE_4.27/FeaturePacks/TP_TwinStick.upack)
[2022.07.04-10.04.47:432][  0]LogPakFile: OnPakFileMounted2Time == 0.000156
[2022.07.04-10.04.47:437][  0]LogPakFile: PakFile PrimaryIndexSize=187
[2022.07.04-10.04.47:437][  0]LogPakFile: PakFile PathHashIndexSize=101
[2022.07.04-10.04.47:437][  0]LogPakFile: PakFile FullDirectoryIndexSize=148
[2022.07.04-10.04.47:437][  0]LogShaderLibrary: Display: ShaderCodeLibraryPakFileMountedCallback: PakFile 'D:/Unreal/UE_4.27/FeaturePacks/TP_TwinStickBP.upack' (chunk index -1, root 'root:/') mounted
[2022.07.04-10.04.47:437][  0]LogShaderLibrary: Display: ShaderCodeLibraryPakFileMountedCallback: pending pak file info (ChunkID:-1 Root:root:/ File:D:/Unreal/UE_4.27/FeaturePacks/TP_TwinStickBP.upack)
[2022.07.04-10.04.47:437][  0]LogPakFile: OnPakFileMounted2Time == 0.000137
[2022.07.04-10.04.47:441][  0]LogPakFile: PakFile PrimaryIndexSize=183
[2022.07.04-10.04.47:441][  0]LogPakFile: PakFile PathHashIndexSize=101
[2022.07.04-10.04.47:441][  0]LogPakFile: PakFile FullDirectoryIndexSize=140
[2022.07.04-10.04.47:442][  0]LogShaderLibrary: Display: ShaderCodeLibraryPakFileMountedCallback: PakFile 'D:/Unreal/UE_4.27/FeaturePacks/TP_Vehicle.upack' (chunk index -1, root 'root:/') mounted
[2022.07.04-10.04.47:442][  0]LogShaderLibrary: Display: ShaderCodeLibraryPakFileMountedCallback: pending pak file info (ChunkID:-1 Root:root:/ File:D:/Unreal/UE_4.27/FeaturePacks/TP_Vehicle.upack)
[2022.07.04-10.04.47:442][  0]LogPakFile: OnPakFileMounted2Time == 0.000126
[2022.07.04-10.04.47:446][  0]LogPakFile: PakFile PrimaryIndexSize=186
[2022.07.04-10.04.47:446][  0]LogPakFile: PakFile PathHashIndexSize=101
[2022.07.04-10.04.47:446][  0]LogPakFile: PakFile FullDirectoryIndexSize=146
[2022.07.04-10.04.47:446][  0]LogShaderLibrary: Display: ShaderCodeLibraryPakFileMountedCallback: PakFile 'D:/Unreal/UE_4.27/FeaturePacks/TP_VehicleAdv.upack' (chunk index -1, root 'root:/') mounted
[2022.07.04-10.04.47:446][  0]LogShaderLibrary: Display: ShaderCodeLibraryPakFileMountedCallback: pending pak file info (ChunkID:-1 Root:root:/ File:D:/Unreal/UE_4.27/FeaturePacks/TP_VehicleAdv.upack)
[2022.07.04-10.04.47:446][  0]LogPakFile: OnPakFileMounted2Time == 0.000081
[2022.07.04-10.04.47:450][  0]LogPakFile: PakFile PrimaryIndexSize=188
[2022.07.04-10.04.47:450][  0]LogPakFile: PakFile PathHashIndexSize=101
[2022.07.04-10.04.47:450][  0]LogPakFile: PakFile FullDirectoryIndexSize=150
[2022.07.04-10.04.47:450][  0]LogShaderLibrary: Display: ShaderCodeLibraryPakFileMountedCallback: PakFile 'D:/Unreal/UE_4.27/FeaturePacks/TP_VehicleAdvBP.upack' (chunk index -1, root 'root:/') mounted
[2022.07.04-10.04.47:450][  0]LogShaderLibrary: Display: ShaderCodeLibraryPakFileMountedCallback: pending pak file info (ChunkID:-1 Root:root:/ File:D:/Unreal/UE_4.27/FeaturePacks/TP_VehicleAdvBP.upack)
[2022.07.04-10.04.47:450][  0]LogPakFile: OnPakFileMounted2Time == 0.000110
[2022.07.04-10.04.47:455][  0]LogPakFile: PakFile PrimaryIndexSize=185
[2022.07.04-10.04.47:455][  0]LogPakFile: PakFile PathHashIndexSize=101
[2022.07.04-10.04.47:455][  0]LogPakFile: PakFile FullDirectoryIndexSize=144
[2022.07.04-10.04.47:455][  0]LogShaderLibrary: Display: ShaderCodeLibraryPakFileMountedCallback: PakFile 'D:/Unreal/UE_4.27/FeaturePacks/TP_VehicleBP.upack' (chunk index -1, root 'root:/') mounted
[2022.07.04-10.04.47:456][  0]LogShaderLibrary: Display: ShaderCodeLibraryPakFileMountedCallback: pending pak file info (ChunkID:-1 Root:root:/ File:D:/Unreal/UE_4.27/FeaturePacks/TP_VehicleBP.upack)
[2022.07.04-10.04.47:456][  0]LogPakFile: OnPakFileMounted2Time == 0.000173
[2022.07.04-10.04.47:460][  0]LogPakFile: PakFile PrimaryIndexSize=192
[2022.07.04-10.04.47:460][  0]LogPakFile: PakFile PathHashIndexSize=101
[2022.07.04-10.04.47:460][  0]LogPakFile: PakFile FullDirectoryIndexSize=158
[2022.07.04-10.04.47:460][  0]LogShaderLibrary: Display: ShaderCodeLibraryPakFileMountedCallback: PakFile 'D:/Unreal/UE_4.27/FeaturePacks/TP_VirtualRealityBP.upack' (chunk index -1, root 'root:/') mounted
[2022.07.04-10.04.47:460][  0]LogShaderLibrary: Display: ShaderCodeLibraryPakFileMountedCallback: pending pak file info (ChunkID:-1 Root:root:/ File:D:/Unreal/UE_4.27/FeaturePacks/TP_VirtualRealityBP.upack)
[2022.07.04-10.04.47:460][  0]LogPakFile: OnPakFileMounted2Time == 0.000103
[2022.07.04-10.04.47:707][  0]LogNativeClassHierarchy: Verbose: Native class hierarchy updated for 'AddContentDialog' in 0.0002 seconds. Added 0 classes and 0 folders.
[2022.07.04-10.04.47:708][  0]LogNativeClassHierarchy: Verbose: Native class hierarchy updated for 'SceneOutliner' in 0.0002 seconds. Added 2 classes and 0 folders.
[2022.07.04-10.04.47:754][  0]LogSlate: Took 0.003811 seconds to synchronously load lazily loaded font '../../../Engine/Content/Slate/Fonts/Roboto-Regular.ttf' (155K)
[2022.07.04-10.04.47:758][  0]LogSlate: Took 0.003734 seconds to synchronously load lazily loaded font '../../../Engine/Content/Editor/Slate/Fonts/FontAwesome.ttf' (139K)
[2022.07.04-10.04.47:762][  0]LogSlate: Took 0.003124 seconds to synchronously load lazily loaded font '../../../Engine/Content/Slate/Fonts/Roboto-Bold.ttf' (160K)
[2022.07.04-10.04.47:888][  0]LogRenderer: Reallocating scene render targets to support 1208x572 Format 10 NumSamples 1 (Frame:1).
[2022.07.04-10.04.48:079][  0]LogNativeClassHierarchy: Verbose: Native class hierarchy updated for 'HierarchicalLODOutliner' in 0.0002 seconds. Added 0 classes and 0 folders.
[2022.07.04-10.04.48:079][  0]LogLoad: (Engine Initialization) Total time: 27.91 seconds
[2022.07.04-10.04.48:079][  0]LogLoad: (Engine Initialization) Total Blueprint compile time: 0.00 seconds
[2022.07.04-10.04.48:109][  0]LogAssetRegistry: Asset discovery search completed in 14.3714 seconds
[2022.07.04-10.04.48:131][  0]LogCollectionManager: Fixed up redirectors for 0 collections in 0.000002 seconds (updated 0 objects)
[2022.07.04-10.04.48:133][  0]LogContentStreaming: Texture pool size now 1000 MB
[2022.07.04-10.05.08:652][423]LogTemp: Repeating last play command: Selected Viewport
[2022.07.04-10.05.08:657][423]LogPlayLevel: PlayLevel: No blueprints needed recompiling
[2022.07.04-10.05.08:657][423]PIE: New page: PIE session: Untitled_1 (4 Jul 2022, 12:05:08)
[2022.07.04-10.05.08:659][423]LogOnline: OSS: Creating online subsystem instance for: NULL
[2022.07.04-10.05.08:661][423]LogOnline: OSS: TryLoadSubsystemAndSetDefault: Loaded subsystem for module [NULL]
[2022.07.04-10.05.08:661][423]LogPlayLevel: Creating play world package: /Temp/UEDPIE_0_Untitled_1
[2022.07.04-10.05.08:663][423]LogPlayLevel: PIE: StaticDuplicateObject took: (0.001832s)
[2022.07.04-10.05.08:664][423]LogAIModule: Creating AISystem for world Untitled_1
[2022.07.04-10.05.08:664][423]LogPlayLevel: PIE: World Init took: (0.001199s)
[2022.07.04-10.05.08:664][423]LogPlayLevel: PIE: Created PIE world by copying editor world from /Temp/Untitled_1.Untitled_1 to /Temp/UEDPIE_0_Untitled_1.Untitled_1 (0.003306s)
[2022.07.04-10.05.08:669][423]LogUObjectHash: Compacting FUObjectHashTables data took   0.56ms
[2022.07.04-10.05.08:670][423]LogAudio: Display: Creating Audio Device:                 Id: 2, Scope: Unique, Realtime: True
[2022.07.04-10.05.08:670][423]LogAudioMixer: Display: Audio Mixer Platform Settings:
[2022.07.04-10.05.08:670][423]LogAudioMixer: Display: 	Sample Rate:						  48000
[2022.07.04-10.05.08:670][423]LogAudioMixer: Display: 	Callback Buffer Frame Size Requested: 1024
[2022.07.04-10.05.08:670][423]LogAudioMixer: Display: 	Callback Buffer Frame Size To Use:	  1024
[2022.07.04-10.05.08:670][423]LogAudioMixer: Display: 	Number of buffers to queue:			  2
[2022.07.04-10.05.08:670][423]LogAudioMixer: Display: 	Max Channels (voices):				  32
[2022.07.04-10.05.08:670][423]LogAudioMixer: Display: 	Number of Async Source Workers:		  0
[2022.07.04-10.05.08:670][423]LogAudio: Display: AudioDevice MaxSources: 32
[2022.07.04-10.05.08:671][423]LogAudio: Display: Audio Spatialization Plugin: None (built-in).
[2022.07.04-10.05.08:671][423]LogAudio: Display: Audio Reverb Plugin: None (built-in).
[2022.07.04-10.05.08:671][423]LogAudio: Display: Audio Occlusion Plugin: None (built-in).
[2022.07.04-10.05.08:671][423]LogAudioMixer: Display: Initializing audio mixer.
[2022.07.04-10.05.08:675][423]LogAudioMixer: Display: 0: FrontLeft
[2022.07.04-10.05.08:675][423]LogAudioMixer: Display: 1: FrontRight
[2022.07.04-10.05.08:684][423]LogAudioMixer: Display: Using Audio Device PLE2483H-DP (NVIDIA High Definition Audio)
[2022.07.04-10.05.08:684][423]LogAudioMixer: Display: Initializing Sound Submixes...
[2022.07.04-10.05.08:684][423]LogAudioMixer: Display: Creating Master Submix 'MasterSubmixDefault'
[2022.07.04-10.05.08:685][423]LogAudioMixer: Display: Creating Master Submix 'MasterReverbSubmixDefault'
[2022.07.04-10.05.08:685][423]LogAudioMixer: Display: Creating Master Submix 'MasterEQSubmixDefault'
[2022.07.04-10.05.08:685][423]LogAudioMixer: FMixerPlatformXAudio2::StartAudioStream() called
[2022.07.04-10.05.08:685][423]LogAudioMixer: Display: Output buffers initialized: Frames=1024, Channels=2, Samples=2048
[2022.07.04-10.05.08:688][423]LogAudioMixer: Display: Starting AudioMixerPlatformInterface::RunInternal()
[2022.07.04-10.05.08:688][423]LogAudioMixer: Display: FMixerPlatformXAudio2::SubmitBuffer() called for the first time
[2022.07.04-10.05.08:688][423]LogInit: FAudioDevice initialized.
[2022.07.04-10.05.08:688][423]LogAudio: Display: Audio Device (ID: 2) registered with world 'Untitled_1'.
[2022.07.04-10.05.08:709][423]LogLoad: Game class is 'GameModeBase'
[2022.07.04-10.05.08:710][423]LogWorld: Bringing World /Temp/UEDPIE_0_Untitled_1.Untitled_1 up for play (max tick rate 0) at 2022.07.04-11.05.08
[2022.07.04-10.05.08:710][423]LogWorld: Bringing up level for play took: 0.000481
[2022.07.04-10.05.08:710][423]LogOnline: OSS: Creating online subsystem instance for: :Context_1
[2022.07.04-10.05.08:714][423]LogNativeClassHierarchy: Verbose: Native class hierarchy updated for 'MovieSceneCapture' in 0.0003 seconds. Added 20 classes and 0 folders.
[2022.07.04-10.05.08:714][423]PIE: Server logged in
[2022.07.04-10.05.08:716][423]PIE: Play in editor total start time 0.059 seconds.
[2022.07.04-10.05.12:087][808]LogSlate: Updating window title bar state: overlay mode, drag disabled, window buttons hidden, title bar hidden
[2022.07.04-10.05.12:087][808]LogWorld: BeginTearingDown for /Temp/UEDPIE_0_Untitled_1
[2022.07.04-10.05.12:088][808]LogWorld: UWorld::CleanupWorld for Untitled_1, bSessionEnded=true, bCleanupResources=true
[2022.07.04-10.05.12:088][808]LogSlate: InvalidateAllWidgets triggered.  All widgets were invalidated
[2022.07.04-10.05.12:103][808]LogPlayLevel: Display: Shutting down PIE online subsystems
[2022.07.04-10.05.12:105][808]LogSlate: InvalidateAllWidgets triggered.  All widgets were invalidated
[2022.07.04-10.05.12:109][808]LogAudio: Display: Audio Device unregistered from world 'None'.
[2022.07.04-10.05.12:109][808]LogAudioMixer: FMixerPlatformXAudio2::StopAudioStream() called
[2022.07.04-10.05.12:111][808]LogAudioMixer: FMixerPlatformXAudio2::StopAudioStream() called
[2022.07.04-10.05.12:113][808]LogSlate: Updating window title bar state: overlay mode, drag disabled, window buttons hidden, title bar hidden
[2022.07.04-10.05.12:115][808]LogUObjectHash: Compacting FUObjectHashTables data took   0.49ms
[2022.07.04-10.05.12:145][810]LogPlayLevel: Display: Destroying online subsystem :Context_1
